{"meta": {"format": 3, "version": "7.16.0", "timestamp": "2026-09-08T22:39:09.971899", "branch_coverage": true, "show_contexts": false}, "files": {"skill\\multi-agent-task-split\\scripts\\common.py": {"executed_lines": [2, 3, 4, 5, 6, 7, 8, 9, 10, 12, 13, 14, 15, 17, 18, 20, 23, 25, 26, 27, 28, 29, 30, 31, 34, 41, 42, 43, 44, 45, 46, 47, 48, 49, 51, 52, 53, 54, 55, 56, 57, 58, 59, 60, 61, 63, 64, 66, 67, 69, 70, 71, 72, 73, 74, 77, 78, 79, 80, 81, 83, 84, 86, 87, 88, 89, 91, 92, 93, 95, 96, 97, 99, 101, 102, 103, 104, 105, 108, 110, 111, 113, 114, 116, 118, 120, 121, 122, 123, 124, 126, 128, 130, 132, 133, 135, 137, 139, 140, 141, 142, 143, 144, 145, 147, 154, 155, 156, 157, 158, 159, 160, 161, 162, 163, 164, 167, 169, 171, 172, 173, 174, 175, 182, 184, 185, 186, 187, 188, 189, 190, 191, 194, 196, 197, 199, 202, 203, 204, 205], "summary": {"covered_lines": 140, "num_statements": 162, "percent_covered": 82.71028037383178, "percent_covered_display": "83", "missing_lines": 22, "excluded_lines": 0, "percent_statements_covered": 86.41975308641975, "percent_statements_covered_display": "86", "num_branches": 52, "num_partial_branches": 11, "covered_branches": 37, "missing_branches": 15, "percent_branches_covered": 71.15384615384616, "percent_branches_covered_display": "71"}, "missing_lines": [36, 37, 38, 39, 65, 68, 75, 82, 115, 127, 134, 149, 150, 151, 152, 165, 166, 176, 177, 178, 180, 200], "excluded_lines": [], "executed_branches": [[43, 44], [43, 45], [46, 47], [46, 48], [54, 55], [54, 61], [56, 57], [56, 58], [58, 59], [58, 60], [64, 66], [66, 67], [66, 70], [67, 69], [70, 71], [70, 72], [72, 73], [72, 74], [74, -63], [78, 79], [88, 89], [104, 105], [104, 108], [114, 116], [120, 121], [120, 122], [123, 124], [123, 126], [126, 128], [133, 135], [159, 160], [159, 162], [161, 159], [184, 185], [191, 194], [191, 196], [203, 204]], "missing_branches": [[37, 38], [37, 39], [64, 65], [67, 68], [74, 75], [78, -77], [88, -86], [114, 115], [126, 127], [133, 134], [150, 151], [150, 152], [161, -154], [184, -182], [203, -202]], "functions": {"managed_runtime_status": {"executed_lines": [25, 26, 27, 28, 29, 30, 31], "summary": {"covered_lines": 7, "num_statements": 7, "percent_covered": 100.0, "percent_covered_display": "100", "missing_lines": 0, "excluded_lines": 0, "percent_statements_covered": 100.0, "percent_statements_covered_display": "100", "num_branches": 0, "num_partial_branches": 0, "covered_branches": 0, "missing_branches": 0, "percent_branches_covered": 100.0, "percent_branches_covered_display": "100"}, "missing_lines": [], "excluded_lines": [], "start_line": 23, "executed_branches": [], "missing_branches": []}, "require_managed_runtime": {"executed_lines": [], "summary": {"covered_lines": 0, "num_statements": 4, "percent_covered": 0.0, "percent_covered_display": "0", "missing_lines": 4, "excluded_lines": 0, "percent_statements_covered": 0.0, "percent_statements_covered_display": "0", "num_branches": 2, "num_partial_branches": 0, "covered_branches": 0, "missing_branches": 2, "percent_branches_covered": 0.0, "percent_branches_covered_display": "0"}, "missing_lines": [36, 37, 38, 39], "excluded_lines": [], "start_line": 34, "executed_branches": [], "missing_branches": [[37, 38], [37, 39]]}, "StrictLoader.compose_node": {"executed_lines": [43, 44, 45, 46, 47, 48, 49, 51], "summary": {"covered_lines": 8, "num_statements": 8, "percent_covered": 100.0, "percent_covered_display": "100", "missing_lines": 0, "excluded_lines": 0, "percent_statements_covered": 100.0, "percent_statements_covered_display": "100", "num_branches": 4, "num_partial_branches": 0, "covered_branches": 4, "missing_branches": 0, "percent_branches_covered": 100.0, "percent_branches_covered_display": "100"}, "missing_lines": [], "excluded_lines": [], "start_line": 42, "executed_branches": [[43, 44], [43, 45], [46, 47], [46, 48]], "missing_branches": []}, "StrictLoader.construct_mapping": {"executed_lines": [53, 54, 55, 56, 57, 58, 59, 60, 61], "summary": {"covered_lines": 9, "num_statements": 9, "percent_covered": 100.0, "percent_covered_display": "100", "missing_lines": 0, "excluded_lines": 0, "percent_statements_covered": 100.0, "percent_statements_covered_display": "100", "num_branches": 6, "num_partial_branches": 0, "covered_branches": 6, "missing_branches": 0, "percent_branches_covered": 100.0, "percent_branches_covered_display": "100"}, "missing_lines": [], "excluded_lines": [], "start_line": 52, "executed_branches": [[54, 55], [54, 61], [56, 57], [56, 58], [58, 59], [58, 60]], "missing_branches": []}, "plain": {"executed_lines": [64, 66, 67, 69, 70, 71, 72, 73, 74], "summary": {"covered_lines": 9, "num_statements": 12, "percent_covered": 75.0, "percent_covered_display": "75", "missing_lines": 3, "excluded_lines": 0, "percent_statements_covered": 75.0, "percent_statements_covered_display": "75", "num_branches": 12, "num_partial_branches": 3, "covered_branches": 9, "missing_branches": 3, "percent_branches_covered": 75.0, "percent_branches_covered_display": "75"}, "missing_lines": [65, 68, 75], "excluded_lines": [], "start_line": 63, "executed_branches": [[64, 66], [66, 67], [66, 70], [67, 69], [70, 71], [70, 72], [72, 73], [72, 74], [74, -63]], "missing_branches": [[64, 65], [67, 68], [74, 75]]}, "parse": {"executed_lines": [78, 79, 80, 81, 83, 84], "summary": {"covered_lines": 6, "num_statements": 7, "percent_covered": 77.77777777777777, "percent_covered_display": "78", "missing_lines": 1, "excluded_lines": 0, "percent_statements_covered": 85.71428571428571, "percent_statements_covered_display": "86", "num_branches": 2, "num_partial_branches": 1, "covered_branches": 1, "missing_branches": 1, "percent_branches_covered": 50.0, "percent_branches_covered_display": "50"}, "missing_lines": [82], "excluded_lines": [], "start_line": 77, "executed_branches": [[78, 79]], "missing_branches": [[78, -77]]}, "load": {"executed_lines": [87, 88, 89], "summary": {"covered_lines": 3, "num_statements": 3, "percent_covered": 80.0, "percent_covered_display": "80", "missing_lines": 0, "excluded_lines": 0, "percent_statements_covered": 100.0, "percent_statements_covered_display": "100", "num_branches": 2, "num_partial_branches": 1, "covered_branches": 1, "missing_branches": 1, "percent_branches_covered": 50.0, "percent_branches_covered_display": "50"}, "missing_lines": [], "excluded_lines": [], "start_line": 86, "executed_branches": [[88, 89]], "missing_branches": [[88, -86]]}, "CanonicalDumper.ignore_aliases": {"executed_lines": [93], "summary": {"covered_lines": 1, "num_statements": 1, "percent_covered": 100.0, "percent_covered_display": "100", "missing_lines": 0, "excluded_lines": 0, "percent_statements_covered": 100.0, "percent_statements_covered_display": "100", "num_branches": 0, "num_partial_branches": 0, "covered_branches": 0, "missing_branches": 0, "percent_branches_covered": 100.0, "percent_branches_covered_display": "100"}, "missing_lines": [], "excluded_lines": [], "start_line": 92, "executed_branches": [], "missing_branches": []}, "encode": {"executed_lines": [96, 97], "summary": {"covered_lines": 2, "num_statements": 2, "percent_covered": 100.0, "percent_covered_display": "100", "missing_lines": 0, "excluded_lines": 0, "percent_statements_covered": 100.0, "percent_statements_covered_display": "100", "num_branches": 0, "num_partial_branches": 0, "covered_branches": 0, "missing_branches": 0, "percent_branches_covered": 100.0, "percent_branches_covered_display": "100"}, "missing_lines": [], "excluded_lines": [], "start_line": 95, "executed_branches": [], "missing_branches": []}, "emit_utf8": {"executed_lines": [101, 102, 103, 104, 105, 108], "summary": {"covered_lines": 6, "num_statements": 6, "percent_covered": 100.0, "percent_covered_display": "100", "missing_lines": 0, "excluded_lines": 0, "percent_statements_covered": 100.0, "percent_statements_covered_display": "100", "num_branches": 2, "num_partial_branches": 0, "covered_branches": 2, "missing_branches": 0, "percent_branches_covered": 100.0, "percent_branches_covered_display": "100"}, "missing_lines": [], "excluded_lines": [], "start_line": 99, "executed_branches": [[104, 105], [104, 108]], "missing_branches": []}, "digest": {"executed_lines": [111], "summary": {"covered_lines": 1, "num_statements": 1, "percent_covered": 100.0, "percent_covered_display": "100", "missing_lines": 0, "excluded_lines": 0, "percent_statements_covered": 100.0, "percent_statements_covered_display": "100", "num_branches": 0, "num_partial_branches": 0, "covered_branches": 0, "missing_branches": 0, "percent_branches_covered": 100.0, "percent_branches_covered_display": "100"}, "missing_lines": [], "excluded_lines": [], "start_line": 110, "executed_branches": [], "missing_branches": []}, "identifier": {"executed_lines": [114, 116], "summary": {"covered_lines": 2, "num_statements": 3, "percent_covered": 60.0, "percent_covered_display": "60", "missing_lines": 1, "excluded_lines": 0, "percent_statements_covered": 66.66666666666667, "percent_statements_covered_display": "67", "num_branches": 2, "num_partial_branches": 1, "covered_branches": 1, "missing_branches": 1, "percent_branches_covered": 50.0, "percent_branches_covered_display": "50"}, "missing_lines": [115], "excluded_lines": [], "start_line": 113, "executed_branches": [[114, 116]], "missing_branches": [[114, 115]]}, "relative": {"executed_lines": [120, 121, 122, 123, 124, 126, 128], "summary": {"covered_lines": 7, "num_statements": 8, "percent_covered": 85.71428571428571, "percent_covered_display": "86", "missing_lines": 1, "excluded_lines": 0, "percent_statements_covered": 87.5, "percent_statements_covered_display": "88", "num_branches": 6, "num_partial_branches": 1, "covered_branches": 5, "missing_branches": 1, "percent_branches_covered": 83.33333333333333, "percent_branches_covered_display": "83"}, "missing_lines": [127], "excluded_lines": [], "start_line": 118, "executed_branches": [[120, 121], [120, 122], [123, 124], [123, 126], [126, 128]], "missing_branches": [[126, 127]]}, "logical_from_parts": {"executed_lines": [132, 133, 135], "summary": {"covered_lines": 3, "num_statements": 4, "percent_covered": 66.66666666666667, "percent_covered_display": "67", "missing_lines": 1, "excluded_lines": 0, "percent_statements_covered": 75.0, "percent_statements_covered_display": "75", "num_branches": 2, "num_partial_branches": 1, "covered_branches": 1, "missing_branches": 1, "percent_branches_covered": 50.0, "percent_branches_covered_display": "50"}, "missing_lines": [134], "excluded_lines": [], "start_line": 130, "executed_branches": [[133, 135]], "missing_branches": [[133, 134]]}, "logical_relative": {"executed_lines": [139, 140, 141, 142, 143, 144, 145], "summary": {"covered_lines": 7, "num_statements": 7, "percent_covered": 100.0, "percent_covered_display": "100", "missing_lines": 0, "excluded_lines": 0, "percent_statements_covered": 100.0, "percent_statements_covered_display": "100", "num_branches": 0, "num_partial_branches": 0, "covered_branches": 0, "missing_branches": 0, "percent_branches_covered": 100.0, "percent_branches_covered_display": "100"}, "missing_lines": [], "excluded_lines": [], "start_line": 137, "executed_branches": [], "missing_branches": []}, "normalize_windows_relative": {"executed_lines": [], "summary": {"covered_lines": 0, "num_statements": 4, "percent_covered": 0.0, "percent_covered_display": "0", "missing_lines": 4, "excluded_lines": 0, "percent_statements_covered": 0.0, "percent_statements_covered_display": "0", "num_branches": 2, "num_partial_branches": 0, "covered_branches": 0, "missing_branches": 2, "percent_branches_covered": 0.0, "percent_branches_covered_display": "0"}, "missing_lines": [149, 150, 151, 152], "excluded_lines": [], "start_line": 147, "executed_branches": [], "missing_branches": [[150, 151], [150, 152]]}, "contained": {"executed_lines": [155, 156, 157, 158, 159, 160, 161, 162, 163, 164, 167], "summary": {"covered_lines": 11, "num_statements": 13, "percent_covered": 82.3529411764706, "percent_covered_display": "82", "missing_lines": 2, "excluded_lines": 0, "percent_statements_covered": 84.61538461538461, "percent_statements_covered_display": "85", "num_branches": 4, "num_partial_branches": 1, "covered_branches": 3, "missing_branches": 1, "percent_branches_covered": 75.0, "percent_branches_covered_display": "75"}, "missing_lines": [165, 166], "excluded_lines": [], "start_line": 154, "executed_branches": [[159, 160], [159, 162], [161, 159]], "missing_branches": [[161, -154]]}, "fsync_dir": {"executed_lines": [171, 172, 173, 174, 175], "summary": {"covered_lines": 5, "num_statements": 9, "percent_covered": 55.55555555555556, "percent_covered_display": "56", "missing_lines": 4, "excluded_lines": 0, "percent_statements_covered": 55.55555555555556, "percent_statements_covered_display": "56", "num_branches": 0, "num_partial_branches": 0, "covered_branches": 0, "missing_branches": 0, "percent_branches_covered": 100.0, "percent_branches_covered_display": "100"}, "missing_lines": [176, 177, 178, 180], "excluded_lines": [], "start_line": 169, "executed_branches": [], "missing_branches": []}, "atomic_write": {"executed_lines": [184, 185, 186, 187, 188, 189, 190, 191, 194, 196, 197, 199], "summary": {"covered_lines": 12, "num_statements": 13, "percent_covered": 88.23529411764706, "percent_covered_display": "88", "missing_lines": 1, "excluded_lines": 0, "percent_statements_covered": 92.3076923076923, "percent_statements_covered_display": "92", "num_branches": 4, "num_partial_branches": 1, "covered_branches": 3, "missing_branches": 1, "percent_branches_covered": 75.0, "percent_branches_covered_display": "75"}, "missing_lines": [200], "excluded_lines": [], "start_line": 182, "executed_branches": [[184, 185], [191, 194], [191, 196]], "missing_branches": [[184, -182]]}, "require_fields": {"executed_lines": [203, 204, 205], "summary": {"covered_lines": 3, "num_statements": 3, "percent_covered": 80.0, "percent_covered_display": "80", "missing_lines": 0, "excluded_lines": 0, "percent_statements_covered": 100.0, "percent_statements_covered_display": "100", "num_branches": 2, "num_partial_branches": 1, "covered_branches": 1, "missing_branches": 1, "percent_branches_covered": 50.0, "percent_branches_covered_display": "50"}, "missing_lines": [], "excluded_lines": [], "start_line": 202, "executed_branches": [[203, 204]], "missing_branches": [[203, -202]]}, "": {"executed_lines": [2, 3, 4, 5, 6, 7, 8, 9, 10, 12, 13, 14, 15, 17, 18, 20, 23, 34, 41, 42, 52, 63, 77, 86, 91, 92, 95, 99, 110, 113, 118, 130, 137, 147, 154, 169, 182, 202], "summary": {"covered_lines": 38, "num_statements": 38, "percent_covered": 100.0, "percent_covered_display": "100", "missing_lines": 0, "excluded_lines": 0, "percent_statements_covered": 100.0, "percent_statements_covered_display": "100", "num_branches": 0, "num_partial_branches": 0, "covered_branches": 0, "missing_branches": 0, "percent_branches_covered": 100.0, "percent_branches_covered_display": "100"}, "missing_lines": [], "excluded_lines": [], "start_line": 1, "executed_branches": [], "missing_branches": []}}, "classes": {"Rejected": {"executed_lines": [], "summary": {"covered_lines": 0, "num_statements": 0, "percent_covered": 100.0, "percent_covered_display": "100", "missing_lines": 0, "excluded_lines": 0, "percent_statements_covered": 100.0, "percent_statements_covered_display": "100", "num_branches": 0, "num_partial_branches": 0, "covered_branches": 0, "missing_branches": 0, "percent_branches_covered": 100.0, "percent_branches_covered_display": "100"}, "missing_lines": [], "excluded_lines": [], "start_line": 20, "executed_branches": [], "missing_branches": []}, "StrictLoader": {"executed_lines": [43, 44, 45, 46, 47, 48, 49, 51, 53, 54, 55, 56, 57, 58, 59, 60, 61], "summary": {"covered_lines": 17, "num_statements": 17, "percent_covered": 100.0, "percent_covered_display": "100", "missing_lines": 0, "excluded_lines": 0, "percent_statements_covered": 100.0, "percent_statements_covered_display": "100", "num_branches": 10, "num_partial_branches": 0, "covered_branches": 10, "missing_branches": 0, "percent_branches_covered": 100.0, "percent_branches_covered_display": "100"}, "missing_lines": [], "excluded_lines": [], "start_line": 41, "executed_branches": [[43, 44], [43, 45], [46, 47], [46, 48], [54, 55], [54, 61], [56, 57], [56, 58], [58, 59], [58, 60]], "missing_branches": []}, "CanonicalDumper": {"executed_lines": [93], "summary": {"covered_lines": 1, "num_statements": 1, "percent_covered": 100.0, "percent_covered_display": "100", "missing_lines": 0, "excluded_lines": 0, "percent_statements_covered": 100.0, "percent_statements_covered_display": "100", "num_branches": 0, "num_partial_branches": 0, "covered_branches": 0, "missing_branches": 0, "percent_branches_covered": 100.0, "percent_branches_covered_display": "100"}, "missing_lines": [], "excluded_lines": [], "start_line": 91, "executed_branches": [], "missing_branches": []}, "": {"executed_lines": [2, 3, 4, 5, 6, 7, 8, 9, 10, 12, 13, 14, 15, 17, 18, 20, 23, 25, 26, 27, 28, 29, 30, 31, 34, 41, 42, 52, 63, 64, 66, 67, 69, 70, 71, 72, 73, 74, 77, 78, 79, 80, 81, 83, 84, 86, 87, 88, 89, 91, 92, 95, 96, 97, 99, 101, 102, 103, 104, 105, 108, 110, 111, 113, 114, 116, 118, 120, 121, 122, 123, 124, 126, 128, 130, 132, 133, 135, 137, 139, 140, 141, 142, 143, 144, 145, 147, 154, 155, 156, 157, 158, 159, 160, 161, 162, 163, 164, 167, 169, 171, 172, 173, 174, 175, 182, 184, 185, 186, 187, 188, 189, 190, 191, 194, 196, 197, 199, 202, 203, 204, 205], "summary": {"covered_lines": 122, "num_statements": 144, "percent_covered": 80.10752688172043, "percent_covered_display": "80", "missing_lines": 22, "excluded_lines": 0, "percent_statements_covered": 84.72222222222223, "percent_statements_covered_display": "85", "num_branches": 42, "num_partial_branches": 11, "covered_branches": 27, "missing_branches": 15, "percent_branches_covered": 64.28571428571429, "percent_branches_covered_display": "64"}, "missing_lines": [36, 37, 38, 39, 65, 68, 75, 82, 115, 127, 134, 149, 150, 151, 152, 165, 166, 176, 177, 178, 180, 200], "excluded_lines": [], "start_line": 1, "executed_branches": [[64, 66], [66, 67], [66, 70], [67, 69], [70, 71], [70, 72], [72, 73], [72, 74], [74, -63], [78, 79], [88, 89], [104, 105], [104, 108], [114, 116], [120, 121], [120, 122], [123, 124], [123, 126], [126, 128], [133, 135], [159, 160], [159, 162], [161, 159], [184, 185], [191, 194], [191, 196], [203, 204]], "missing_branches": [[37, 38], [37, 39], [64, 65], [67, 68], [74, 75], [78, -77], [88, -86], [114, 115], [126, 127], [133, 134], [150, 151], [150, 152], [161, -154], [184, -182], [203, -202]]}}}, "skill\\multi-agent-task-split\\scripts\\contracts.py": {"executed_lines": [2, 3, 4, 5, 7, 8, 9, 10, 11, 13, 14, 15, 17, 18, 19, 20, 21, 22, 23, 24, 26, 27, 30, 31, 33, 40, 41, 42, 51, 91, 92, 93, 95, 96, 97, 98, 99, 100, 101, 102, 103, 105, 106, 107, 108, 109, 110, 111, 112, 113, 114, 115, 116, 118, 119, 120, 121, 122, 123, 124, 125, 126, 127, 128, 129, 130, 132, 134, 135, 138, 139, 140, 141, 142, 143, 144, 145, 146, 147, 149, 150, 151, 153, 155, 156, 157, 158, 159, 160, 163, 164, 165, 167, 168, 169, 171, 172, 174, 175, 177, 179, 180, 182, 183, 184, 186, 192, 193, 195, 196, 197, 199, 200, 201, 202, 203, 204, 205, 206, 207, 208, 209, 210, 212], "summary": {"covered_lines": 124, "num_statements": 139, "percent_covered": 86.09865470852019, "percent_covered_display": "86", "missing_lines": 15, "excluded_lines": 0, "percent_statements_covered": 89.20863309352518, "percent_statements_covered_display": "89", "num_branches": 84, "num_partial_branches": 16, "covered_branches": 68, "missing_branches": 16, "percent_branches_covered": 80.95238095238095, "percent_branches_covered_display": "81"}, "missing_lines": [16, 25, 28, 94, 104, 117, 152, 154, 166, 170, 173, 176, 178, 194, 211], "excluded_lines": [], "executed_branches": [[15, 17], [18, 19], [18, 21], [19, 20], [19, 21], [21, 22], [21, 26], [22, 23], [22, 24], [24, 26], [26, -13], [26, 27], [27, -13], [93, 95], [96, 97], [96, 98], [99, 100], [99, 101], [101, 102], [101, 107], [103, 105], [105, 101], [105, 106], [107, 108], [107, 123], [109, 110], [109, 113], [111, 109], [111, 112], [113, 114], [113, 115], [115, 116], [115, 118], [116, 115], [118, 119], [118, 120], [121, 107], [121, 122], [125, 126], [126, -124], [126, 127], [141, 142], [141, 147], [143, 141], [143, 144], [144, 143], [144, 145], [145, 144], [145, 146], [151, 153], [153, 155], [157, 158], [157, 160], [158, 157], [158, 159], [165, 167], [169, 171], [172, 174], [175, 177], [177, 179], [179, 180], [179, 182], [193, 195], [195, 196], [195, 199], [202, 203], [202, 204], [210, 212]], "missing_branches": [[15, 16], [24, 25], [27, 28], [93, 94], [103, 104], [116, 117], [125, -124], [151, 152], [153, 154], [165, 166], [169, 170], [172, 173], [175, 176], [177, 178], [193, 194], [210, 211]], "functions": {"catalog": {"executed_lines": [9, 10, 11], "summary": {"covered_lines": 3, "num_statements": 3, "percent_covered": 100.0, "percent_covered_display": "100", "missing_lines": 0, "excluded_lines": 0, "percent_statements_covered": 100.0, "percent_statements_covered_display": "100", "num_branches": 0, "num_partial_branches": 0, "covered_branches": 0, "missing_branches": 0, "percent_branches_covered": 100.0, "percent_branches_covered_display": "100"}, "missing_lines": [], "excluded_lines": [], "start_line": 8, "executed_branches": [], "missing_branches": []}, "validate": {"executed_lines": [14, 15, 17, 18, 19, 20, 21, 22, 23, 24, 26, 27], "summary": {"covered_lines": 12, "num_statements": 15, "percent_covered": 80.64516129032258, "percent_covered_display": "81", "missing_lines": 3, "excluded_lines": 0, "percent_statements_covered": 80.0, "percent_statements_covered_display": "80", "num_branches": 16, "num_partial_branches": 3, "covered_branches": 13, "missing_branches": 3, "percent_branches_covered": 81.25, "percent_branches_covered_display": "81"}, "missing_lines": [16, 25, 28], "excluded_lines": [], "start_line": 13, "executed_branches": [[15, 17], [18, 19], [18, 21], [19, 20], [19, 21], [21, 22], [21, 26], [22, 23], [22, 24], [24, 26], [26, -13], [26, 27], [27, -13]], "missing_branches": [[15, 16], [24, 25], [27, 28]]}, "index": {"executed_lines": [31], "summary": {"covered_lines": 1, "num_statements": 1, "percent_covered": 100.0, "percent_covered_display": "100", "missing_lines": 0, "excluded_lines": 0, "percent_statements_covered": 100.0, "percent_statements_covered_display": "100", "num_branches": 0, "num_partial_branches": 0, "covered_branches": 0, "missing_branches": 0, "percent_branches_covered": 100.0, "percent_branches_covered_display": "100"}, "missing_lines": [], "excluded_lines": [], "start_line": 30, "executed_branches": [], "missing_branches": []}, "planner_contract_checklist": {"executed_lines": [40, 41, 42, 51], "summary": {"covered_lines": 4, "num_statements": 4, "percent_covered": 100.0, "percent_covered_display": "100", "missing_lines": 0, "excluded_lines": 0, "percent_statements_covered": 100.0, "percent_statements_covered_display": "100", "num_branches": 0, "num_partial_branches": 0, "covered_branches": 0, "missing_branches": 0, "percent_branches_covered": 100.0, "percent_branches_covered_display": "100"}, "missing_lines": [], "excluded_lines": [], "start_line": 33, "executed_branches": [], "missing_branches": []}, "validate_project_plan": {"executed_lines": [92, 93, 95, 96, 97, 98, 99, 100, 101, 102, 103, 105, 106, 107, 108, 109, 110, 111, 112, 113, 114, 115, 116, 118, 119, 120, 121, 122, 123, 124, 130], "summary": {"covered_lines": 31, "num_statements": 34, "percent_covered": 90.3225806451613, "percent_covered_display": "90", "missing_lines": 3, "excluded_lines": 0, "percent_statements_covered": 91.17647058823529, "percent_statements_covered_display": "91", "num_branches": 28, "num_partial_branches": 3, "covered_branches": 25, "missing_branches": 3, "percent_branches_covered": 89.28571428571429, "percent_branches_covered_display": "89"}, "missing_lines": [94, 104, 117], "excluded_lines": [], "start_line": 91, "executed_branches": [[93, 95], [96, 97], [96, 98], [99, 100], [99, 101], [101, 102], [101, 107], [103, 105], [105, 101], [105, 106], [107, 108], [107, 123], [109, 110], [109, 113], [111, 109], [111, 112], [113, 114], [113, 115], [115, 116], [115, 118], [116, 115], [118, 119], [118, 120], [121, 107], [121, 122]], "missing_branches": [[93, 94], [103, 104], [116, 117]]}, "validate_project_plan.visit": {"executed_lines": [125, 126, 127, 128, 129], "summary": {"covered_lines": 5, "num_statements": 5, "percent_covered": 88.88888888888889, "percent_covered_display": "89", "missing_lines": 0, "excluded_lines": 0, "percent_statements_covered": 100.0, "percent_statements_covered_display": "100", "num_branches": 4, "num_partial_branches": 1, "covered_branches": 3, "missing_branches": 1, "percent_branches_covered": 75.0, "percent_branches_covered_display": "75"}, "missing_lines": [], "excluded_lines": [], "start_line": 124, "executed_branches": [[125, 126], [126, -124], [126, 127]], "missing_branches": [[125, -124]]}, "contract_digest": {"executed_lines": [134, 135], "summary": {"covered_lines": 2, "num_statements": 2, "percent_covered": 100.0, "percent_covered_display": "100", "missing_lines": 0, "excluded_lines": 0, "percent_statements_covered": 100.0, "percent_statements_covered_display": "100", "num_branches": 0, "num_partial_branches": 0, "covered_branches": 0, "missing_branches": 0, "percent_branches_covered": 100.0, "percent_branches_covered_display": "100"}, "missing_lines": [], "excluded_lines": [], "start_line": 132, "executed_branches": [], "missing_branches": []}, "closure": {"executed_lines": [139, 140, 141, 142, 143, 144, 145, 146, 147], "summary": {"covered_lines": 9, "num_statements": 9, "percent_covered": 100.0, "percent_covered_display": "100", "missing_lines": 0, "excluded_lines": 0, "percent_statements_covered": 100.0, "percent_statements_covered_display": "100", "num_branches": 8, "num_partial_branches": 0, "covered_branches": 8, "missing_branches": 0, "percent_branches_covered": 100.0, "percent_branches_covered_display": "100"}, "missing_lines": [], "excluded_lines": [], "start_line": 138, "executed_branches": [[141, 142], [141, 147], [143, 141], [143, 144], [144, 143], [144, 145], [145, 144], [145, 146]], "missing_branches": []}, "patch_impact": {"executed_lines": [150, 151, 153, 155, 156, 157, 158, 159, 160], "summary": {"covered_lines": 9, "num_statements": 11, "percent_covered": 78.94736842105263, "percent_covered_display": "79", "missing_lines": 2, "excluded_lines": 0, "percent_statements_covered": 81.81818181818181, "percent_statements_covered_display": "82", "num_branches": 8, "num_partial_branches": 2, "covered_branches": 6, "missing_branches": 2, "percent_branches_covered": 75.0, "percent_branches_covered_display": "75"}, "missing_lines": [152, 154], "excluded_lines": [], "start_line": 149, "executed_branches": [[151, 153], [153, 155], [157, 158], [157, 160], [158, 157], [158, 159]], "missing_branches": [[151, 152], [153, 154]]}, "_apply_keyed": {"executed_lines": [164, 165, 167, 168, 169, 171, 172, 174, 175, 177, 179, 180, 182, 183, 184], "summary": {"covered_lines": 15, "num_statements": 20, "percent_covered": 68.75, "percent_covered_display": "69", "missing_lines": 5, "excluded_lines": 0, "percent_statements_covered": 75.0, "percent_statements_covered_display": "75", "num_branches": 12, "num_partial_branches": 5, "covered_branches": 7, "missing_branches": 5, "percent_branches_covered": 58.333333333333336, "percent_branches_covered_display": "58"}, "missing_lines": [166, 170, 173, 176, 178], "excluded_lines": [], "start_line": 163, "executed_branches": [[165, 167], [169, 171], [172, 174], [175, 177], [177, 179], [179, 180], [179, 182]], "missing_branches": [[165, 166], [169, 170], [172, 173], [175, 176], [177, 178]]}, "materialize_planner_result": {"executed_lines": [192, 193, 195, 196, 197, 199, 200, 201, 202, 203, 204, 205, 206, 207, 208, 209, 210, 212], "summary": {"covered_lines": 18, "num_statements": 20, "percent_covered": 85.71428571428571, "percent_covered_display": "86", "missing_lines": 2, "excluded_lines": 0, "percent_statements_covered": 90.0, "percent_statements_covered_display": "90", "num_branches": 8, "num_partial_branches": 2, "covered_branches": 6, "missing_branches": 2, "percent_branches_covered": 75.0, "percent_branches_covered_display": "75"}, "missing_lines": [194, 211], "excluded_lines": [], "start_line": 186, "executed_branches": [[193, 195], [195, 196], [195, 199], [202, 203], [202, 204], [210, 212]], "missing_branches": [[193, 194], [210, 211]]}, "": {"executed_lines": [2, 3, 4, 5, 7, 8, 13, 30, 33, 91, 132, 138, 149, 163, 186], "summary": {"covered_lines": 15, "num_statements": 15, "percent_covered": 100.0, "percent_covered_display": "100", "missing_lines": 0, "excluded_lines": 0, "percent_statements_covered": 100.0, "percent_statements_covered_display": "100", "num_branches": 0, "num_partial_branches": 0, "covered_branches": 0, "missing_branches": 0, "percent_branches_covered": 100.0, "percent_branches_covered_display": "100"}, "missing_lines": [], "excluded_lines": [], "start_line": 1, "executed_branches": [], "missing_branches": []}}, "classes": {"": {"executed_lines": [2, 3, 4, 5, 7, 8, 9, 10, 11, 13, 14, 15, 17, 18, 19, 20, 21, 22, 23, 24, 26, 27, 30, 31, 33, 40, 41, 42, 51, 91, 92, 93, 95, 96, 97, 98, 99, 100, 101, 102, 103, 105, 106, 107, 108, 109, 110, 111, 112, 113, 114, 115, 116, 118, 119, 120, 121, 122, 123, 124, 125, 126, 127, 128, 129, 130, 132, 134, 135, 138, 139, 140, 141, 142, 143, 144, 145, 146, 147, 149, 150, 151, 153, 155, 156, 157, 158, 159, 160, 163, 164, 165, 167, 168, 169, 171, 172, 174, 175, 177, 179, 180, 182, 183, 184, 186, 192, 193, 195, 196, 197, 199, 200, 201, 202, 203, 204, 205, 206, 207, 208, 209, 210, 212], "summary": {"covered_lines": 124, "num_statements": 139, "percent_covered": 86.09865470852019, "percent_covered_display": "86", "missing_lines": 15, "excluded_lines": 0, "percent_statements_covered": 89.20863309352518, "percent_statements_covered_display": "89", "num_branches": 84, "num_partial_branches": 16, "covered_branches": 68, "missing_branches": 16, "percent_branches_covered": 80.95238095238095, "percent_branches_covered_display": "81"}, "missing_lines": [16, 25, 28, 94, 104, 117, 152, 154, 166, 170, 173, 176, 178, 194, 211], "excluded_lines": [], "start_line": 1, "executed_branches": [[15, 17], [18, 19], [18, 21], [19, 20], [19, 21], [21, 22], [21, 26], [22, 23], [22, 24], [24, 26], [26, -13], [26, 27], [27, -13], [93, 95], [96, 97], [96, 98], [99, 100], [99, 101], [101, 102], [101, 107], [103, 105], [105, 101], [105, 106], [107, 108], [107, 123], [109, 110], [109, 113], [111, 109], [111, 112], [113, 114], [113, 115], [115, 116], [115, 118], [116, 115], [118, 119], [118, 120], [121, 107], [121, 122], [125, 126], [126, -124], [126, 127], [141, 142], [141, 147], [143, 141], [143, 144], [144, 143], [144, 145], [145, 144], [145, 146], [151, 153], [153, 155], [157, 158], [157, 160], [158, 157], [158, 159], [165, 167], [169, 171], [172, 174], [175, 177], [177, 179], [179, 180], [179, 182], [193, 195], [195, 196], [195, 199], [202, 203], [202, 204], [210, 212]], "missing_branches": [[15, 16], [24, 25], [27, 28], [93, 94], [103, 104], [116, 117], [125, -124], [151, 152], [153, 154], [165, 166], [169, 170], [172, 173], [175, 176], [177, 178], [193, 194], [210, 211]]}}}, "skill\\multi-agent-task-split\\scripts\\dispatchctl.py": {"executed_lines": [2, 3, 4, 5, 6, 8, 9, 10, 11, 12, 13, 14, 17, 18, 21, 23, 24, 25, 26, 29, 40, 41, 42, 43, 44, 45, 46, 47, 48, 52, 53, 55, 56, 57, 58, 59, 60, 61, 62, 63, 64, 65, 66, 67, 68, 69, 70, 71, 72, 73, 74, 75, 76, 77, 78, 79, 80, 81, 82, 83, 84, 85, 86, 87, 88, 89, 90, 91, 92, 93, 94, 95, 96, 100, 102, 103, 106, 107, 108, 110, 111, 112, 114, 115, 117, 118, 119, 120, 121, 122, 123, 124, 125, 126, 127, 128, 129, 130, 131, 132, 133, 134, 135, 136, 137, 138, 139, 140, 141, 142, 143, 144, 145, 146, 147, 152, 153, 154, 155, 156, 158, 159, 160, 161, 162, 163, 165, 166, 167, 168, 169, 170, 171, 172, 173, 179, 180, 181, 183], "summary": {"covered_lines": 139, "num_statements": 167, "percent_covered": 75.7085020242915, "percent_covered_display": "76", "missing_lines": 28, "excluded_lines": 0, "percent_statements_covered": 83.23353293413173, "percent_statements_covered_display": "83", "num_branches": 80, "num_partial_branches": 24, "covered_branches": 48, "missing_branches": 32, "percent_branches_covered": 60.0, "percent_branches_covered_display": "60"}, "missing_lines": [7, 27, 28, 30, 31, 32, 33, 34, 35, 36, 37, 49, 50, 51, 104, 105, 109, 149, 150, 151, 157, 174, 175, 177, 184, 185, 186, 187], "excluded_lines": [], "executed_branches": [[6, 8], [24, 25], [29, -21], [43, 44], [43, 53], [45, 46], [45, 48], [46, 47], [48, 52], [93, 94], [93, 100], [100, 102], [100, 179], [103, 106], [106, 107], [106, 123], [110, 111], [111, 112], [118, 119], [118, 120], [123, 124], [123, 133], [126, 127], [133, 134], [133, 142], [135, 136], [137, 138], [142, 143], [142, 147], [144, 145], [147, 152], [152, 153], [152, 179], [153, 154], [154, 155], [155, 156], [156, 158], [158, 159], [159, 160], [159, 171], [161, 162], [162, 163], [162, 165], [166, 167], [171, 172], [172, 173], [173, 179], [183, -1]], "missing_branches": [[6, 7], [24, 30], [29, 30], [32, 33], [32, 35], [46, -40], [48, 49], [50, -40], [50, 51], [103, 104], [110, 180], [111, 180], [126, 180], [135, 180], [137, 180], [144, 180], [147, 149], [153, 179], [154, 179], [155, 179], [156, 157], [158, 179], [161, 180], [166, 169], [171, 179], [172, 179], [173, 174], [174, 175], [174, 179], [175, 177], [175, 179], [183, 184]], "functions": {"_task_load": {"executed_lines": [18], "summary": {"covered_lines": 1, "num_statements": 1, "percent_covered": 100.0, "percent_covered_display": "100", "missing_lines": 0, "excluded_lines": 0, "percent_statements_covered": 100.0, "percent_statements_covered_display": "100", "num_branches": 0, "num_partial_branches": 0, "covered_branches": 0, "missing_branches": 0, "percent_branches_covered": 100.0, "percent_branches_covered_display": "100"}, "missing_lines": [], "excluded_lines": [], "start_line": 17, "executed_branches": [], "missing_branches": []}, "_internal_ref": {"executed_lines": [23, 24, 25, 26, 29], "summary": {"covered_lines": 5, "num_statements": 15, "percent_covered": 33.333333333333336, "percent_covered_display": "33", "missing_lines": 10, "excluded_lines": 0, "percent_statements_covered": 33.333333333333336, "percent_statements_covered_display": "33", "num_branches": 6, "num_partial_branches": 2, "covered_branches": 2, "missing_branches": 4, "percent_branches_covered": 33.333333333333336, "percent_branches_covered_display": "33"}, "missing_lines": [27, 28, 30, 31, 32, 33, 34, 35, 36, 37], "excluded_lines": [], "start_line": 21, "executed_branches": [[24, 25], [29, -21]], "missing_branches": [[24, 30], [29, 30], [32, 33], [32, 35]]}, "_normalize_repo_order": {"executed_lines": [41, 42, 43, 44, 45, 46, 47, 48, 52, 53], "summary": {"covered_lines": 10, "num_statements": 13, "percent_covered": 69.56521739130434, "percent_covered_display": "70", "missing_lines": 3, "excluded_lines": 0, "percent_statements_covered": 76.92307692307692, "percent_statements_covered_display": "77", "num_branches": 10, "num_partial_branches": 2, "covered_branches": 6, "missing_branches": 4, "percent_branches_covered": 60.0, "percent_branches_covered_display": "60"}, "missing_lines": [49, 50, 51], "excluded_lines": [], "start_line": 40, "executed_branches": [[43, 44], [43, 53], [45, 46], [45, 48], [46, 47], [48, 52]], "missing_branches": [[46, -40], [48, 49], [50, -40], [50, 51]]}, "main": {"executed_lines": [56, 57, 58, 59, 60, 61, 62, 63, 64, 65, 66, 67, 68, 69, 70, 71, 72, 73, 74, 75, 76, 77, 78, 79, 80, 81, 82, 83, 84, 85, 86, 87, 88, 89, 90, 91, 92, 93, 94, 95, 96, 100, 102, 103, 106, 107, 108, 110, 111, 112, 114, 115, 117, 118, 119, 120, 121, 122, 123, 124, 125, 126, 127, 128, 129, 130, 131, 132, 133, 134, 135, 136, 137, 138, 139, 140, 141, 142, 143, 144, 145, 146, 147, 152, 153, 154, 155, 156, 158, 159, 160, 161, 162, 163, 165, 166, 167, 168, 169, 170, 171, 172, 173, 179, 180, 181], "summary": {"covered_lines": 106, "num_statements": 116, "percent_covered": 81.81818181818181, "percent_covered_display": "82", "missing_lines": 10, "excluded_lines": 0, "percent_statements_covered": 91.37931034482759, "percent_statements_covered_display": "91", "num_branches": 60, "num_partial_branches": 18, "covered_branches": 38, "missing_branches": 22, "percent_branches_covered": 63.333333333333336, "percent_branches_covered_display": "63"}, "missing_lines": [104, 105, 109, 149, 150, 151, 157, 174, 175, 177], "excluded_lines": [], "start_line": 55, "executed_branches": [[93, 94], [93, 100], [100, 102], [100, 179], [103, 106], [106, 107], [106, 123], [110, 111], [111, 112], [118, 119], [118, 120], [123, 124], [123, 133], [126, 127], [133, 134], [133, 142], [135, 136], [137, 138], [142, 143], [142, 147], [144, 145], [147, 152], [152, 153], [152, 179], [153, 154], [154, 155], [155, 156], [156, 158], [158, 159], [159, 160], [159, 171], [161, 162], [162, 163], [162, 165], [166, 167], [171, 172], [172, 173], [173, 179]], "missing_branches": [[103, 104], [110, 180], [111, 180], [126, 180], [135, 180], [137, 180], [144, 180], [147, 149], [153, 179], [154, 179], [155, 179], [156, 157], [158, 179], [161, 180], [166, 169], [171, 179], [172, 179], [173, 174], [174, 175], [174, 179], [175, 177], [175, 179]]}, "": {"executed_lines": [2, 3, 4, 5, 6, 8, 9, 10, 11, 12, 13, 14, 17, 21, 40, 55, 183], "summary": {"covered_lines": 17, "num_statements": 22, "percent_covered": 73.07692307692308, "percent_covered_display": "73", "missing_lines": 5, "excluded_lines": 0, "percent_statements_covered": 77.27272727272727, "percent_statements_covered_display": "77", "num_branches": 4, "num_partial_branches": 2, "covered_branches": 2, "missing_branches": 2, "percent_branches_covered": 50.0, "percent_branches_covered_display": "50"}, "missing_lines": [7, 184, 185, 186, 187], "excluded_lines": [], "start_line": 1, "executed_branches": [[6, 8], [183, -1]], "missing_branches": [[6, 7], [183, 184]]}}, "classes": {"": {"executed_lines": [2, 3, 4, 5, 6, 8, 9, 10, 11, 12, 13, 14, 17, 18, 21, 23, 24, 25, 26, 29, 40, 41, 42, 43, 44, 45, 46, 47, 48, 52, 53, 55, 56, 57, 58, 59, 60, 61, 62, 63, 64, 65, 66, 67, 68, 69, 70, 71, 72, 73, 74, 75, 76, 77, 78, 79, 80, 81, 82, 83, 84, 85, 86, 87, 88, 89, 90, 91, 92, 93, 94, 95, 96, 100, 102, 103, 106, 107, 108, 110, 111, 112, 114, 115, 117, 118, 119, 120, 121, 122, 123, 124, 125, 126, 127, 128, 129, 130, 131, 132, 133, 134, 135, 136, 137, 138, 139, 140, 141, 142, 143, 144, 145, 146, 147, 152, 153, 154, 155, 156, 158, 159, 160, 161, 162, 163, 165, 166, 167, 168, 169, 170, 171, 172, 173, 179, 180, 181, 183], "summary": {"covered_lines": 139, "num_statements": 167, "percent_covered": 75.7085020242915, "percent_covered_display": "76", "missing_lines": 28, "excluded_lines": 0, "percent_statements_covered": 83.23353293413173, "percent_statements_covered_display": "83", "num_branches": 80, "num_partial_branches": 24, "covered_branches": 48, "missing_branches": 32, "percent_branches_covered": 60.0, "percent_branches_covered_display": "60"}, "missing_lines": [7, 27, 28, 30, 31, 32, 33, 34, 35, 36, 37, 49, 50, 51, 104, 105, 109, 149, 150, 151, 157, 174, 175, 177, 184, 185, 186, 187], "excluded_lines": [], "start_line": 1, "executed_branches": [[6, 8], [24, 25], [29, -21], [43, 44], [43, 53], [45, 46], [45, 48], [46, 47], [48, 52], [93, 94], [93, 100], [100, 102], [100, 179], [103, 106], [106, 107], [106, 123], [110, 111], [111, 112], [118, 119], [118, 120], [123, 124], [123, 133], [126, 127], [133, 134], [133, 142], [135, 136], [137, 138], [142, 143], [142, 147], [144, 145], [147, 152], [152, 153], [152, 179], [153, 154], [154, 155], [155, 156], [156, 158], [158, 159], [159, 160], [159, 171], [161, 162], [162, 163], [162, 165], [166, 167], [171, 172], [172, 173], [173, 179], [183, -1]], "missing_branches": [[6, 7], [24, 30], [29, 30], [32, 33], [32, 35], [46, -40], [48, 49], [50, -40], [50, 51], [103, 104], [110, 180], [111, 180], [126, 180], [135, 180], [137, 180], [144, 180], [147, 149], [153, 179], [154, 179], [155, 179], [156, 157], [158, 179], [161, 180], [166, 169], [171, 179], [172, 179], [173, 174], [174, 175], [174, 179], [175, 177], [175, 179], [183, 184]]}}}, "skill\\multi-agent-task-split\\scripts\\guards.py": {"executed_lines": [6, 7, 8, 9, 10, 11, 12, 14, 15, 16, 17, 18, 19, 20, 21, 22, 23, 24, 25, 26, 27, 28, 29, 30, 31, 32, 33, 34, 35, 36, 37, 40, 41, 42, 43, 44, 45, 46, 47, 48, 49, 50, 51, 52, 53, 54, 55, 56, 57, 58, 59, 60, 61, 63, 64, 65, 66, 68, 70, 75, 76, 78, 79, 80, 81, 82, 83, 84, 86, 87, 88, 89, 90, 91, 92, 93, 94, 99, 100, 101, 102, 103, 104, 105, 106, 107, 108, 109, 110, 111, 112, 113, 114, 115, 116, 117, 118, 119, 120, 121, 122, 123, 124, 125, 126, 127, 128, 130, 131, 132, 133, 134, 135, 136, 137, 138, 139, 140, 141, 142, 146, 147, 148, 149, 150, 151, 153, 154, 155, 156, 157, 158, 159, 160, 161, 162, 163, 164, 165, 166, 167, 168, 169, 170, 171, 173, 174, 175, 176, 178, 179, 180, 181, 182, 183, 184, 185, 187, 189, 190, 191, 192, 193, 194, 195, 196, 197, 201, 202, 203, 204, 205, 208, 209, 210, 211, 212, 215, 216, 217, 218, 219, 221, 222, 223, 225, 226, 227, 228, 229, 230, 231, 233, 234, 235, 236, 237, 238, 239, 240, 241, 242, 244, 245, 247, 248, 250, 251, 252, 253, 254, 255, 256, 257, 258, 259, 261, 263, 264, 265, 266, 267, 268, 269, 272, 274, 277, 278, 280, 282, 283, 285, 286, 288, 289, 290, 291, 292, 293, 294, 295, 296, 297, 298, 299, 300, 301, 302, 303, 304, 305, 306, 307, 308, 310, 311, 312, 313, 314, 315, 318, 320, 321, 322, 323, 325, 328, 329, 330, 331, 332, 334, 335, 338, 339, 341, 342, 343, 344, 345, 347, 348, 349, 350, 353, 354, 355, 356, 358, 359, 360, 361, 362, 363, 364, 365, 366, 367, 368, 369, 370, 371, 372, 373, 374, 375, 376, 377, 379, 380, 381, 382, 383, 384, 385, 386, 387, 388, 389, 391, 392, 393, 394, 396, 397, 398, 399, 400, 401, 402, 403, 404, 405, 406, 407, 408, 409, 410, 411, 412, 413, 414, 417, 418, 419, 420, 421, 422, 424, 426, 427, 428, 429, 430, 431, 432, 433, 435, 436, 437, 438, 439, 440, 441, 442, 443, 444, 445, 446, 447, 448, 449, 451, 452, 453, 454, 455, 456, 457, 459, 461, 462, 463, 464, 467, 468, 469, 470, 471, 472, 473, 475, 476, 477, 479, 480, 481, 483, 484, 485, 486, 487, 488, 490, 491, 492, 493, 494, 495, 496, 497, 498, 499, 500, 501, 503, 504, 505, 506, 508, 509, 510, 511, 512, 513, 514, 515, 516, 517, 518, 520, 521, 523, 525, 528, 529, 530, 531, 532, 533, 534, 535, 536, 537, 542, 543, 544, 545, 548, 549, 553, 555, 556, 557, 558, 559, 560, 562, 563, 564, 565, 566, 567, 568, 569, 570, 571, 572, 574, 575, 576, 578, 580, 581, 582, 583, 584, 586, 587, 588, 589, 590, 591, 592, 594, 596, 597, 598, 599, 600, 601, 603, 604, 605, 606, 608, 610, 611, 612, 614, 615, 616, 618, 620, 621, 622, 623, 624, 625, 626, 627, 628, 629, 630, 631, 632, 633, 634, 635, 636, 637, 638, 639, 640, 642, 643, 644, 645, 646, 647, 651, 652, 653, 654, 655, 657, 658, 659, 661, 662, 663, 664, 665, 666, 667, 669, 670, 671, 672, 673, 674, 675, 676, 677, 679, 681, 682, 684, 685, 686, 687, 688, 689, 690, 691, 692, 693, 694, 695, 696, 697, 698, 699, 700, 701, 702, 703, 704, 705, 706, 707, 708, 709, 710, 711, 712, 713, 714, 715, 716, 717, 718, 719, 720, 721, 722, 723, 724, 725, 726, 727, 728, 729, 730, 731, 733, 734, 735, 736, 737, 738, 739, 740, 741, 742, 743, 744, 745, 746, 747, 748, 749, 750, 751, 752, 753, 754, 755, 756, 757, 758, 759, 760, 761, 762, 763, 764, 765, 766, 768, 769, 772, 773, 777, 778, 779, 780, 781, 782, 783, 784], "summary": {"covered_lines": 651, "num_statements": 714, "percent_covered": 83.12611012433392, "percent_covered_display": "83", "missing_lines": 63, "excluded_lines": 0, "percent_statements_covered": 91.17647058823529, "percent_statements_covered_display": "91", "num_branches": 412, "num_partial_branches": 117, "covered_branches": 285, "missing_branches": 127, "percent_branches_covered": 69.1747572815534, "percent_branches_covered_display": "69"}, "missing_lines": [62, 69, 152, 172, 213, 214, 220, 243, 246, 249, 270, 271, 273, 287, 309, 316, 317, 319, 324, 326, 336, 337, 340, 346, 351, 352, 378, 390, 416, 423, 425, 434, 450, 458, 460, 465, 466, 474, 478, 489, 502, 507, 522, 524, 526, 527, 561, 573, 585, 607, 613, 641, 648, 649, 650, 678, 680, 683, 770, 771, 774, 775, 776], "excluded_lines": [], "executed_branches": [[15, -15], [16, -16], [29, 30], [29, 31], [30, 29], [32, 33], [32, 34], [44, 45], [46, -46], [49, -47], [49, 50], [52, -51], [52, 53], [55, 56], [60, 61], [61, 63], [68, 70], [79, 80], [79, 86], [88, 89], [107, 108], [107, 109], [116, 117], [116, 122], [118, 119], [120, 121], [124, 125], [125, -123], [125, 126], [127, 128], [128, 130], [133, 134], [151, 153], [154, 155], [154, 156], [156, 157], [156, 158], [161, 162], [161, 163], [163, 164], [163, 165], [167, 168], [167, 169], [171, 173], [173, 174], [173, 176], [174, 173], [174, 175], [180, 181], [182, 183], [182, 184], [192, 193], [194, 195], [194, 203], [195, 196], [201, 202], [204, 205], [204, 215], [212, 259], [215, 216], [215, 221], [219, 259], [221, 222], [221, 227], [227, 228], [231, 233], [231, 235], [240, 241], [240, 245], [242, 244], [245, 247], [247, 248], [247, 252], [248, 250], [252, 253], [252, 259], [253, 254], [255, 256], [264, 265], [266, 267], [272, 274], [286, 288], [290, 291], [292, 293], [292, 295], [295, 296], [295, 307], [297, 298], [297, 302], [300, 297], [300, 301], [302, 303], [305, 306], [307, 308], [307, 328], [308, 310], [311, 312], [314, 315], [318, 320], [323, 325], [325, 341], [329, 330], [338, 339], [339, 341], [345, 347], [348, 349], [348, 356], [350, 353], [361, 362], [361, 363], [368, 369], [373, 374], [373, 387], [374, 375], [377, 379], [380, 381], [380, 382], [382, 383], [385, 386], [385, 462], [387, 388], [387, 400], [389, 391], [393, 394], [396, 397], [396, 462], [398, 396], [398, 399], [400, 401], [400, 417], [401, 402], [403, 404], [406, 407], [407, 408], [408, 409], [408, 412], [410, 411], [410, 412], [412, 413], [412, 462], [414, 412], [417, 418], [417, 461], [420, 421], [420, 429], [422, 424], [424, 426], [427, 428], [427, 429], [431, 432], [431, 439], [433, 435], [435, 436], [435, 437], [437, 438], [437, 439], [439, 440], [439, 451], [440, 441], [440, 442], [444, 445], [444, 446], [447, 448], [447, 449], [449, 451], [453, 454], [455, 456], [455, 457], [457, 459], [459, 462], [464, 467], [473, 475], [477, 479], [479, 480], [479, 481], [487, 488], [487, 490], [488, -483], [494, 495], [494, 496], [496, 497], [496, 498], [498, 499], [498, 503], [501, 503], [503, 504], [503, 506], [506, 508], [508, 509], [508, 513], [509, 508], [509, 510], [511, 508], [511, 512], [517, -515], [517, 518], [518, 517], [521, 523], [523, 525], [528, 529], [530, 531], [532, 533], [534, 535], [534, 536], [536, 537], [542, 543], [544, 545], [555, 556], [559, 560], [559, 565], [563, 564], [565, 566], [570, 571], [570, 576], [572, 574], [581, 582], [584, 586], [586, 587], [588, 589], [597, 598], [599, 600], [599, 603], [604, -594], [604, 605], [606, 608], [612, 614], [615, 616], [621, -618], [621, 622], [624, 625], [631, 632], [638, 639], [638, 642], [640, -634], [643, 644], [643, 645], [645, 646], [645, 657], [658, 659], [661, 662], [661, 675], [663, 664], [672, 673], [672, 674], [675, 676], [675, 688], [677, 679], [679, 681], [681, 682], [682, 684], [688, 689], [688, 694], [692, 693], [694, 695], [699, 700], [699, 704], [701, 702], [701, 703], [709, 710], [710, 711], [710, 718], [712, 713], [715, 716], [716, 717], [719, -705], [719, 720], [721, -705], [721, 722], [722, -705], [722, 723], [726, 727], [730, 731], [745, 746], [748, 749], [750, 751], [751, 752], [751, 754], [753, 754], [754, 755], [754, 757], [764, 765], [766, 768], [769, 772], [780, 781], [780, 782]], "missing_branches": [[15, 16], [16, 17], [30, -25], [44, -42], [46, 47], [55, -54], [60, -58], [61, 62], [68, 69], [88, -76], [118, -114], [120, -114], [124, -123], [127, -123], [128, -123], [133, -131], [151, 152], [171, 172], [180, -178], [192, -187], [195, -187], [201, -187], [212, 213], [213, 212], [213, 214], [219, 220], [227, 259], [242, 243], [245, 246], [248, 249], [253, 255], [255, 259], [264, -261], [266, -261], [272, 273], [286, 287], [290, -280], [302, -280], [305, 341], [308, 309], [311, 318], [314, 311], [318, 319], [323, 324], [325, 326], [329, 338], [338, -280], [339, 340], [345, 346], [350, 351], [368, -366], [374, -366], [377, 378], [382, -366], [389, 390], [393, -366], [401, -366], [403, -366], [406, -366], [407, -366], [414, 416], [422, 423], [424, 425], [433, 434], [449, 450], [453, -366], [457, 458], [459, 460], [464, 465], [466, -366], [466, 467], [473, 474], [477, 478], [488, 489], [501, 502], [506, 507], [518, -515], [521, 522], [523, 524], [528, -520], [530, -520], [532, -520], [536, -520], [542, -520], [544, -520], [555, -553], [563, -553], [565, -553], [572, 573], [573, -553], [573, 575], [581, -578], [584, 585], [586, -578], [588, -578], [597, -594], [606, 607], [612, 613], [615, -610], [624, 621], [631, -627], [640, 641], [658, -634], [663, -634], [677, 678], [679, 680], [681, -634], [682, 683], [692, -634], [694, 696], [709, -705], [712, -705], [715, -705], [716, -705], [726, -724], [730, -724], [745, -741], [748, -741], [750, -741], [753, -741], [764, -761], [766, -761], [769, 770], [770, 769], [770, 771], [771, -761], [771, 770]], "functions": {"Guards.__init__": {"executed_lines": [15], "summary": {"covered_lines": 1, "num_statements": 1, "percent_covered": 66.66666666666667, "percent_covered_display": "67", "missing_lines": 0, "excluded_lines": 0, "percent_statements_covered": 100.0, "percent_statements_covered_display": "100", "num_branches": 2, "num_partial_branches": 1, "covered_branches": 1, "missing_branches": 1, "percent_branches_covered": 50.0, "percent_branches_covered_display": "50"}, "missing_lines": [], "excluded_lines": [], "start_line": 15, "executed_branches": [[15, -15]], "missing_branches": [[15, 16]]}, "Guards.state": {"executed_lines": [16], "summary": {"covered_lines": 1, "num_statements": 1, "percent_covered": 66.66666666666667, "percent_covered_display": "67", "missing_lines": 0, "excluded_lines": 0, "percent_statements_covered": 100.0, "percent_statements_covered_display": "100", "num_branches": 2, "num_partial_branches": 1, "covered_branches": 1, "missing_branches": 1, "percent_branches_covered": 50.0, "percent_branches_covered_display": "50"}, "missing_lines": [], "excluded_lines": [], "start_line": 16, "executed_branches": [[16, -16]], "missing_branches": [[16, 17]]}, "Guards.policy": {"executed_lines": [18], "summary": {"covered_lines": 1, "num_statements": 1, "percent_covered": 100.0, "percent_covered_display": "100", "missing_lines": 0, "excluded_lines": 0, "percent_statements_covered": 100.0, "percent_statements_covered_display": "100", "num_branches": 0, "num_partial_branches": 0, "covered_branches": 0, "missing_branches": 0, "percent_branches_covered": 100.0, "percent_branches_covered_display": "100"}, "missing_lines": [], "excluded_lines": [], "start_line": 17, "executed_branches": [], "missing_branches": []}, "Guards.operator": {"executed_lines": [20], "summary": {"covered_lines": 1, "num_statements": 1, "percent_covered": 100.0, "percent_covered_display": "100", "missing_lines": 0, "excluded_lines": 0, "percent_statements_covered": 100.0, "percent_statements_covered_display": "100", "num_branches": 0, "num_partial_branches": 0, "covered_branches": 0, "missing_branches": 0, "percent_branches_covered": 100.0, "percent_branches_covered_display": "100"}, "missing_lines": [], "excluded_lines": [], "start_line": 19, "executed_branches": [], "missing_branches": []}, "Guards.set_operator": {"executed_lines": [22, 23, 24], "summary": {"covered_lines": 3, "num_statements": 3, "percent_covered": 100.0, "percent_covered_display": "100", "missing_lines": 0, "excluded_lines": 0, "percent_statements_covered": 100.0, "percent_statements_covered_display": "100", "num_branches": 0, "num_partial_branches": 0, "covered_branches": 0, "missing_branches": 0, "percent_branches_covered": 100.0, "percent_branches_covered_display": "100"}, "missing_lines": [], "excluded_lines": [], "start_line": 21, "executed_branches": [], "missing_branches": []}, "Guards.initialize": {"executed_lines": [26, 27, 28, 29, 30, 31, 32, 33, 34, 35, 36, 37, 40, 41], "summary": {"covered_lines": 14, "num_statements": 14, "percent_covered": 95.0, "percent_covered_display": "95", "missing_lines": 0, "excluded_lines": 0, "percent_statements_covered": 100.0, "percent_statements_covered_display": "100", "num_branches": 6, "num_partial_branches": 1, "covered_branches": 5, "missing_branches": 1, "percent_branches_covered": 83.33333333333333, "percent_branches_covered_display": "83"}, "missing_lines": [], "excluded_lines": [], "start_line": 25, "executed_branches": [[29, 30], [29, 31], [30, 29], [32, 33], [32, 34]], "missing_branches": [[30, -25]]}, "Guards._wp": {"executed_lines": [43, 44, 45], "summary": {"covered_lines": 3, "num_statements": 3, "percent_covered": 80.0, "percent_covered_display": "80", "missing_lines": 0, "excluded_lines": 0, "percent_statements_covered": 100.0, "percent_statements_covered_display": "100", "num_branches": 2, "num_partial_branches": 1, "covered_branches": 1, "missing_branches": 1, "percent_branches_covered": 50.0, "percent_branches_covered_display": "50"}, "missing_lines": [], "excluded_lines": [], "start_line": 42, "executed_branches": [[44, 45]], "missing_branches": [[44, -42]]}, "Guards._binding": {"executed_lines": [46], "summary": {"covered_lines": 1, "num_statements": 1, "percent_covered": 66.66666666666667, "percent_covered_display": "67", "missing_lines": 0, "excluded_lines": 0, "percent_statements_covered": 100.0, "percent_statements_covered_display": "100", "num_branches": 2, "num_partial_branches": 1, "covered_branches": 1, "missing_branches": 1, "percent_branches_covered": 50.0, "percent_branches_covered_display": "50"}, "missing_lines": [], "excluded_lines": [], "start_line": 46, "executed_branches": [[46, -46]], "missing_branches": [[46, 47]]}, "Guards._view": {"executed_lines": [48, 49, 50], "summary": {"covered_lines": 3, "num_statements": 3, "percent_covered": 100.0, "percent_covered_display": "100", "missing_lines": 0, "excluded_lines": 0, "percent_statements_covered": 100.0, "percent_statements_covered_display": "100", "num_branches": 2, "num_partial_branches": 0, "covered_branches": 2, "missing_branches": 0, "percent_branches_covered": 100.0, "percent_branches_covered_display": "100"}, "missing_lines": [], "excluded_lines": [], "start_line": 47, "executed_branches": [[49, -47], [49, 50]], "missing_branches": []}, "Guards._identity": {"executed_lines": [52, 53], "summary": {"covered_lines": 2, "num_statements": 2, "percent_covered": 100.0, "percent_covered_display": "100", "missing_lines": 0, "excluded_lines": 0, "percent_statements_covered": 100.0, "percent_statements_covered_display": "100", "num_branches": 2, "num_partial_branches": 0, "covered_branches": 2, "missing_branches": 0, "percent_branches_covered": 100.0, "percent_branches_covered_display": "100"}, "missing_lines": [], "excluded_lines": [], "start_line": 51, "executed_branches": [[52, -51], [52, 53]], "missing_branches": []}, "Guards._control": {"executed_lines": [55, 56, 57], "summary": {"covered_lines": 3, "num_statements": 3, "percent_covered": 80.0, "percent_covered_display": "80", "missing_lines": 0, "excluded_lines": 0, "percent_statements_covered": 100.0, "percent_statements_covered_display": "100", "num_branches": 2, "num_partial_branches": 1, "covered_branches": 1, "missing_branches": 1, "percent_branches_covered": 50.0, "percent_branches_covered_display": "50"}, "missing_lines": [], "excluded_lines": [], "start_line": 54, "executed_branches": [[55, 56]], "missing_branches": [[55, -54]]}, "Guards.attach_control": {"executed_lines": [59, 60, 61, 63, 64, 65], "summary": {"covered_lines": 6, "num_statements": 7, "percent_covered": 72.72727272727273, "percent_covered_display": "73", "missing_lines": 1, "excluded_lines": 0, "percent_statements_covered": 85.71428571428571, "percent_statements_covered_display": "86", "num_branches": 4, "num_partial_branches": 2, "covered_branches": 2, "missing_branches": 2, "percent_branches_covered": 50.0, "percent_branches_covered_display": "50"}, "missing_lines": [62], "excluded_lines": [], "start_line": 58, "executed_branches": [[60, 61], [61, 63]], "missing_branches": [[60, -58], [61, 62]]}, "Guards.attach_current_control": {"executed_lines": [68, 70, 75], "summary": {"covered_lines": 3, "num_statements": 4, "percent_covered": 66.66666666666667, "percent_covered_display": "67", "missing_lines": 1, "excluded_lines": 0, "percent_statements_covered": 75.0, "percent_statements_covered_display": "75", "num_branches": 2, "num_partial_branches": 1, "covered_branches": 1, "missing_branches": 1, "percent_branches_covered": 50.0, "percent_branches_covered_display": "50"}, "missing_lines": [69], "excluded_lines": [], "start_line": 66, "executed_branches": [[68, 70]], "missing_branches": [[68, 69]]}, "Guards.resume_anchor": {"executed_lines": [78, 79, 80, 81, 82, 83, 84, 86, 87, 88, 89, 90, 91, 92, 93, 94], "summary": {"covered_lines": 16, "num_statements": 16, "percent_covered": 95.0, "percent_covered_display": "95", "missing_lines": 0, "excluded_lines": 0, "percent_statements_covered": 100.0, "percent_statements_covered_display": "100", "num_branches": 4, "num_partial_branches": 1, "covered_branches": 3, "missing_branches": 1, "percent_branches_covered": 75.0, "percent_branches_covered_display": "75"}, "missing_lines": [], "excluded_lines": [], "start_line": 76, "executed_branches": [[79, 80], [79, 86], [88, 89]], "missing_branches": [[88, -76]]}, "Guards.directive": {"executed_lines": [100, 101], "summary": {"covered_lines": 2, "num_statements": 2, "percent_covered": 100.0, "percent_covered_display": "100", "missing_lines": 0, "excluded_lines": 0, "percent_statements_covered": 100.0, "percent_statements_covered_display": "100", "num_branches": 0, "num_partial_branches": 0, "covered_branches": 0, "missing_branches": 0, "percent_branches_covered": 100.0, "percent_branches_covered_display": "100"}, "missing_lines": [], "excluded_lines": [], "start_line": 99, "executed_branches": [], "missing_branches": []}, "Guards._delivery_evidence": {"executed_lines": [104, 105, 106, 107, 108, 109], "summary": {"covered_lines": 6, "num_statements": 6, "percent_covered": 100.0, "percent_covered_display": "100", "missing_lines": 0, "excluded_lines": 0, "percent_statements_covered": 100.0, "percent_statements_covered_display": "100", "num_branches": 2, "num_partial_branches": 0, "covered_branches": 2, "missing_branches": 0, "percent_branches_covered": 100.0, "percent_branches_covered_display": "100"}, "missing_lines": [], "excluded_lines": [], "start_line": 103, "executed_branches": [[107, 108], [107, 109]], "missing_branches": []}, "Guards._packet_snapshot": {"executed_lines": [111, 112, 113], "summary": {"covered_lines": 3, "num_statements": 3, "percent_covered": 100.0, "percent_covered_display": "100", "missing_lines": 0, "excluded_lines": 0, "percent_statements_covered": 100.0, "percent_statements_covered_display": "100", "num_branches": 0, "num_partial_branches": 0, "covered_branches": 0, "missing_branches": 0, "percent_branches_covered": 100.0, "percent_branches_covered_display": "100"}, "missing_lines": [], "excluded_lines": [], "start_line": 110, "executed_branches": [], "missing_branches": []}, "Guards.dependencies": {"executed_lines": [115, 116, 117, 118, 119, 120, 121, 122], "summary": {"covered_lines": 8, "num_statements": 8, "percent_covered": 85.71428571428571, "percent_covered_display": "86", "missing_lines": 0, "excluded_lines": 0, "percent_statements_covered": 100.0, "percent_statements_covered_display": "100", "num_branches": 6, "num_partial_branches": 2, "covered_branches": 4, "missing_branches": 2, "percent_branches_covered": 66.66666666666667, "percent_branches_covered_display": "67"}, "missing_lines": [], "excluded_lines": [], "start_line": 114, "executed_branches": [[116, 117], [116, 122], [118, 119], [120, 121]], "missing_branches": [[118, -114], [120, -114]]}, "Guards._current_contract": {"executed_lines": [124, 125, 126, 127, 128, 130], "summary": {"covered_lines": 6, "num_statements": 6, "percent_covered": 78.57142857142857, "percent_covered_display": "79", "missing_lines": 0, "excluded_lines": 0, "percent_statements_covered": 100.0, "percent_statements_covered_display": "100", "num_branches": 8, "num_partial_branches": 3, "covered_branches": 5, "missing_branches": 3, "percent_branches_covered": 62.5, "percent_branches_covered_display": "62"}, "missing_lines": [], "excluded_lines": [], "start_line": 123, "executed_branches": [[124, 125], [125, -123], [125, 126], [127, 128], [128, 130]], "missing_branches": [[124, -123], [127, -123], [128, -123]]}, "Guards._source": {"executed_lines": [132, 133, 134], "summary": {"covered_lines": 3, "num_statements": 3, "percent_covered": 80.0, "percent_covered_display": "80", "missing_lines": 0, "excluded_lines": 0, "percent_statements_covered": 100.0, "percent_statements_covered_display": "100", "num_branches": 2, "num_partial_branches": 1, "covered_branches": 1, "missing_branches": 1, "percent_branches_covered": 50.0, "percent_branches_covered_display": "50"}, "missing_lines": [], "excluded_lines": [], "start_line": 131, "executed_branches": [[133, 134]], "missing_branches": [[133, -131]]}, "Guards._planning_occasion": {"executed_lines": [137, 138, 139], "summary": {"covered_lines": 3, "num_statements": 3, "percent_covered": 100.0, "percent_covered_display": "100", "missing_lines": 0, "excluded_lines": 0, "percent_statements_covered": 100.0, "percent_statements_covered_display": "100", "num_branches": 0, "num_partial_branches": 0, "covered_branches": 0, "missing_branches": 0, "percent_branches_covered": 100.0, "percent_branches_covered_display": "100"}, "missing_lines": [], "excluded_lines": [], "start_line": 136, "executed_branches": [], "missing_branches": []}, "Guards._record_planner_rejection": {"executed_lines": [141, 142, 146, 147, 148], "summary": {"covered_lines": 5, "num_statements": 5, "percent_covered": 100.0, "percent_covered_display": "100", "missing_lines": 0, "excluded_lines": 0, "percent_statements_covered": 100.0, "percent_statements_covered_display": "100", "num_branches": 0, "num_partial_branches": 0, "covered_branches": 0, "missing_branches": 0, "percent_branches_covered": 100.0, "percent_branches_covered_display": "100"}, "missing_lines": [], "excluded_lines": [], "start_line": 140, "executed_branches": [], "missing_branches": []}, "Guards._planner_semantic_preview": {"executed_lines": [150, 151, 153, 154, 155, 156, 157, 158, 159, 160, 161, 162, 163, 164, 165, 166, 167, 168, 169, 170, 171, 173, 174, 175, 176], "summary": {"covered_lines": 25, "num_statements": 27, "percent_covered": 91.11111111111111, "percent_covered_display": "91", "missing_lines": 2, "excluded_lines": 0, "percent_statements_covered": 92.5925925925926, "percent_statements_covered_display": "93", "num_branches": 18, "num_partial_branches": 2, "covered_branches": 16, "missing_branches": 2, "percent_branches_covered": 88.88888888888889, "percent_branches_covered_display": "89"}, "missing_lines": [152, 172], "excluded_lines": [], "start_line": 149, "executed_branches": [[151, 153], [154, 155], [154, 156], [156, 157], [156, 158], [161, 162], [161, 163], [163, 164], [163, 165], [167, 168], [167, 169], [171, 173], [173, 174], [173, 176], [174, 173], [174, 175]], "missing_branches": [[151, 152], [171, 172]]}, "Guards._materialize_memo": {"executed_lines": [180, 181, 182, 183, 184, 185], "summary": {"covered_lines": 6, "num_statements": 6, "percent_covered": 90.0, "percent_covered_display": "90", "missing_lines": 0, "excluded_lines": 0, "percent_statements_covered": 100.0, "percent_statements_covered_display": "100", "num_branches": 4, "num_partial_branches": 1, "covered_branches": 3, "missing_branches": 1, "percent_branches_covered": 75.0, "percent_branches_covered_display": "75"}, "missing_lines": [], "excluded_lines": [], "start_line": 179, "executed_branches": [[180, 181], [182, 183], [182, 184]], "missing_branches": [[180, -178]]}, "Guards.prepare_delivery": {"executed_lines": [189, 190, 191, 192, 193, 194, 195, 196, 197, 201, 202, 203, 204, 205, 208, 209, 210, 211, 212, 215, 216, 217, 218, 219, 221, 222, 223, 225, 226, 227, 228, 229, 230, 231, 233, 234, 235, 236, 237, 238, 239, 240, 241, 242, 244, 245, 247, 248, 250, 251, 252, 253, 254, 255, 256, 257, 258, 259], "summary": {"covered_lines": 58, "num_statements": 64, "percent_covered": 81.73076923076923, "percent_covered_display": "82", "missing_lines": 6, "excluded_lines": 0, "percent_statements_covered": 90.625, "percent_statements_covered_display": "91", "num_branches": 40, "num_partial_branches": 11, "covered_branches": 27, "missing_branches": 13, "percent_branches_covered": 67.5, "percent_branches_covered_display": "68"}, "missing_lines": [213, 214, 220, 243, 246, 249], "excluded_lines": [], "start_line": 187, "executed_branches": [[192, 193], [194, 195], [194, 203], [195, 196], [201, 202], [204, 205], [204, 215], [212, 259], [215, 216], [215, 221], [219, 259], [221, 222], [221, 227], [227, 228], [231, 233], [231, 235], [240, 241], [240, 245], [242, 244], [245, 247], [247, 248], [247, 252], [248, 250], [252, 253], [252, 259], [253, 254], [255, 256]], "missing_branches": [[192, -187], [195, -187], [201, -187], [212, 213], [213, 212], [213, 214], [219, 220], [227, 259], [242, 243], [245, 246], [248, 249], [253, 255], [255, 259]]}, "Guards.create_evidence_manifest": {"executed_lines": [263, 264, 265, 266, 267, 268, 269, 272, 274, 277, 278], "summary": {"covered_lines": 11, "num_statements": 14, "percent_covered": 70.0, "percent_covered_display": "70", "missing_lines": 3, "excluded_lines": 0, "percent_statements_covered": 78.57142857142857, "percent_statements_covered_display": "79", "num_branches": 6, "num_partial_branches": 3, "covered_branches": 3, "missing_branches": 3, "percent_branches_covered": 50.0, "percent_branches_covered_display": "50"}, "missing_lines": [270, 271, 273], "excluded_lines": [], "start_line": 261, "executed_branches": [[264, 265], [266, 267], [272, 274]], "missing_branches": [[264, -261], [266, -261], [272, 273]]}, "Guards.check_delivery": {"executed_lines": [282, 283, 285, 286, 288, 289, 290, 291, 292, 293, 294, 295, 296, 297, 298, 299, 300, 301, 302, 303, 304, 305, 306, 307, 308, 310, 311, 312, 313, 314, 315, 318, 320, 321, 322, 323, 325, 328, 329, 330, 331, 332, 334, 335, 338, 339, 341], "summary": {"covered_lines": 47, "num_statements": 57, "percent_covered": 75.26881720430107, "percent_covered_display": "75", "missing_lines": 10, "excluded_lines": 0, "percent_statements_covered": 82.45614035087719, "percent_statements_covered_display": "82", "num_branches": 36, "num_partial_branches": 13, "covered_branches": 23, "missing_branches": 13, "percent_branches_covered": 63.888888888888886, "percent_branches_covered_display": "64"}, "missing_lines": [287, 309, 316, 317, 319, 324, 326, 336, 337, 340], "excluded_lines": [], "start_line": 280, "executed_branches": [[286, 288], [290, 291], [292, 293], [292, 295], [295, 296], [295, 307], [297, 298], [297, 302], [300, 297], [300, 301], [302, 303], [305, 306], [307, 308], [307, 328], [308, 310], [311, 312], [314, 315], [318, 320], [323, 325], [325, 341], [329, 330], [338, 339], [339, 341]], "missing_branches": [[286, 287], [290, -280], [302, -280], [305, 341], [308, 309], [311, 318], [314, 311], [318, 319], [323, 324], [325, 326], [329, 338], [338, -280], [339, 340]]}, "Guards.prepare_side_request": {"executed_lines": [343, 344, 345, 347, 348, 349, 350, 353, 354, 355, 356], "summary": {"covered_lines": 11, "num_statements": 14, "percent_covered": 75.0, "percent_covered_display": "75", "missing_lines": 3, "excluded_lines": 0, "percent_statements_covered": 78.57142857142857, "percent_statements_covered_display": "79", "num_branches": 6, "num_partial_branches": 2, "covered_branches": 4, "missing_branches": 2, "percent_branches_covered": 66.66666666666667, "percent_branches_covered_display": "67"}, "missing_lines": [346, 351, 352], "excluded_lines": [], "start_line": 342, "executed_branches": [[345, 347], [348, 349], [348, 356], [350, 353]], "missing_branches": [[345, 346], [350, 351]]}, "Guards.side_request": {"executed_lines": [359, 360, 361, 362, 363, 364, 365], "summary": {"covered_lines": 7, "num_statements": 7, "percent_covered": 100.0, "percent_covered_display": "100", "missing_lines": 0, "excluded_lines": 0, "percent_statements_covered": 100.0, "percent_statements_covered_display": "100", "num_branches": 2, "num_partial_branches": 0, "covered_branches": 2, "missing_branches": 0, "percent_branches_covered": 100.0, "percent_branches_covered_display": "100"}, "missing_lines": [], "excluded_lines": [], "start_line": 358, "executed_branches": [[361, 362], [361, 363]], "missing_branches": []}, "Guards.issue": {"executed_lines": [367, 368, 369, 370, 371, 372, 373, 374, 375, 376, 377, 379, 380, 381, 382, 383, 384, 385, 386, 387, 388, 389, 391, 392, 393, 394, 396, 397, 398, 399, 400, 401, 402, 403, 404, 405, 406, 407, 408, 409, 410, 411, 412, 413, 414, 417, 418, 419, 420, 421, 422, 424, 426, 427, 428, 429, 430, 431, 432, 433, 435, 436, 437, 438, 439, 440, 441, 442, 443, 444, 445, 446, 447, 448, 449, 451, 452, 453, 454, 455, 456, 457, 459, 461, 462, 463, 464, 467, 468, 469], "summary": {"covered_lines": 90, "num_statements": 101, "percent_covered": 82.51366120218579, "percent_covered_display": "83", "missing_lines": 11, "excluded_lines": 0, "percent_statements_covered": 89.10891089108911, "percent_statements_covered_display": "89", "num_branches": 82, "num_partial_branches": 19, "covered_branches": 61, "missing_branches": 21, "percent_branches_covered": 74.39024390243902, "percent_branches_covered_display": "74"}, "missing_lines": [378, 390, 416, 423, 425, 434, 450, 458, 460, 465, 466], "excluded_lines": [], "start_line": 366, "executed_branches": [[368, 369], [373, 374], [373, 387], [374, 375], [377, 379], [380, 381], [380, 382], [382, 383], [385, 386], [385, 462], [387, 388], [387, 400], [389, 391], [393, 394], [396, 397], [396, 462], [398, 396], [398, 399], [400, 401], [400, 417], [401, 402], [403, 404], [406, 407], [407, 408], [408, 409], [408, 412], [410, 411], [410, 412], [412, 413], [412, 462], [414, 412], [417, 418], [417, 461], [420, 421], [420, 429], [422, 424], [424, 426], [427, 428], [427, 429], [431, 432], [431, 439], [433, 435], [435, 436], [435, 437], [437, 438], [437, 439], [439, 440], [439, 451], [440, 441], [440, 442], [444, 445], [444, 446], [447, 448], [447, 449], [449, 451], [453, 454], [455, 456], [455, 457], [457, 459], [459, 462], [464, 467]], "missing_branches": [[368, -366], [374, -366], [377, 378], [382, -366], [389, 390], [393, -366], [401, -366], [403, -366], [406, -366], [407, -366], [414, 416], [422, 423], [424, 425], [433, 434], [449, 450], [453, -366], [457, 458], [459, 460], [464, 465], [466, -366], [466, 467]]}, "Guards.preflight": {"executed_lines": [471, 472, 473, 475, 476, 477, 479, 480, 481], "summary": {"covered_lines": 9, "num_statements": 11, "percent_covered": 76.47058823529412, "percent_covered_display": "76", "missing_lines": 2, "excluded_lines": 0, "percent_statements_covered": 81.81818181818181, "percent_statements_covered_display": "82", "num_branches": 6, "num_partial_branches": 2, "covered_branches": 4, "missing_branches": 2, "percent_branches_covered": 66.66666666666667, "percent_branches_covered_display": "67"}, "missing_lines": [474, 478], "excluded_lines": [], "start_line": 470, "executed_branches": [[473, 475], [477, 479], [479, 480], [479, 481]], "missing_branches": [[473, 474], [477, 478]]}, "Guards.bind": {"executed_lines": [484, 485, 486, 487, 488, 490, 491, 492, 493, 494, 495, 496, 497, 498, 499, 500, 501, 503, 504, 505, 506, 508, 509, 510, 511, 512, 513, 514], "summary": {"covered_lines": 28, "num_statements": 31, "percent_covered": 88.67924528301887, "percent_covered_display": "89", "missing_lines": 3, "excluded_lines": 0, "percent_statements_covered": 90.3225806451613, "percent_statements_covered_display": "90", "num_branches": 22, "num_partial_branches": 3, "covered_branches": 19, "missing_branches": 3, "percent_branches_covered": 86.36363636363636, "percent_branches_covered_display": "86"}, "missing_lines": [489, 502, 507], "excluded_lines": [], "start_line": 483, "executed_branches": [[487, 488], [487, 490], [488, -483], [494, 495], [494, 496], [496, 497], [496, 498], [498, 499], [498, 503], [501, 503], [503, 504], [503, 506], [506, 508], [508, 509], [508, 513], [509, 508], [509, 510], [511, 508], [511, 512]], "missing_branches": [[488, 489], [501, 502], [506, 507]]}, "Guards._completion": {"executed_lines": [516, 517, 518], "summary": {"covered_lines": 3, "num_statements": 3, "percent_covered": 85.71428571428571, "percent_covered_display": "86", "missing_lines": 0, "excluded_lines": 0, "percent_statements_covered": 100.0, "percent_statements_covered_display": "100", "num_branches": 4, "num_partial_branches": 1, "covered_branches": 3, "missing_branches": 1, "percent_branches_covered": 75.0, "percent_branches_covered_display": "75"}, "missing_lines": [], "excluded_lines": [], "start_line": 515, "executed_branches": [[517, -515], [517, 518], [518, 517]], "missing_branches": [[518, -515]]}, "Guards._worker_done_record": {"executed_lines": [521, 523, 525, 528, 529, 530, 531, 532, 533, 534, 535, 536, 537, 542, 543, 544, 545, 548, 549], "summary": {"covered_lines": 19, "num_statements": 23, "percent_covered": 70.73170731707317, "percent_covered_display": "71", "missing_lines": 4, "excluded_lines": 0, "percent_statements_covered": 82.6086956521739, "percent_statements_covered_display": "83", "num_branches": 18, "num_partial_branches": 8, "covered_branches": 10, "missing_branches": 8, "percent_branches_covered": 55.55555555555556, "percent_branches_covered_display": "56"}, "missing_lines": [522, 524, 526, 527], "excluded_lines": [], "start_line": 520, "executed_branches": [[521, 523], [523, 525], [528, 529], [530, 531], [532, 533], [534, 535], [534, 536], [536, 537], [542, 543], [544, 545]], "missing_branches": [[521, 522], [523, 524], [528, -520], [530, -520], [532, -520], [536, -520], [542, -520], [544, -520]]}, "Guards.stage_worker_done_batch": {"executed_lines": [555, 556, 557, 558, 559, 560, 562, 563, 564, 565, 566, 567, 568, 569, 570, 571, 572, 574, 575, 576], "summary": {"covered_lines": 20, "num_statements": 22, "percent_covered": 77.77777777777777, "percent_covered_display": "78", "missing_lines": 2, "excluded_lines": 0, "percent_statements_covered": 90.9090909090909, "percent_statements_covered_display": "91", "num_branches": 14, "num_partial_branches": 4, "covered_branches": 8, "missing_branches": 6, "percent_branches_covered": 57.142857142857146, "percent_branches_covered_display": "57"}, "missing_lines": [561, 573], "excluded_lines": [], "start_line": 553, "executed_branches": [[555, 556], [559, 560], [559, 565], [563, 564], [565, 566], [570, 571], [570, 576], [572, 574]], "missing_branches": [[555, -553], [563, -553], [565, -553], [572, 573], [573, -553], [573, 575]]}, "Guards.import_staged_result": {"executed_lines": [580, 581, 582, 583, 584, 586, 587, 588, 589, 590, 591, 592], "summary": {"covered_lines": 12, "num_statements": 13, "percent_covered": 76.19047619047619, "percent_covered_display": "76", "missing_lines": 1, "excluded_lines": 0, "percent_statements_covered": 92.3076923076923, "percent_statements_covered_display": "92", "num_branches": 8, "num_partial_branches": 4, "covered_branches": 4, "missing_branches": 4, "percent_branches_covered": 50.0, "percent_branches_covered_display": "50"}, "missing_lines": [585], "excluded_lines": [], "start_line": 578, "executed_branches": [[581, 582], [584, 586], [586, 587], [588, 589]], "missing_branches": [[581, -578], [584, 585], [586, -578], [588, -578]]}, "Guards.imported_dispatch_ref": {"executed_lines": [596, 597, 598, 599, 600, 601, 603, 604, 605, 606, 608], "summary": {"covered_lines": 11, "num_statements": 12, "percent_covered": 85.0, "percent_covered_display": "85", "missing_lines": 1, "excluded_lines": 0, "percent_statements_covered": 91.66666666666667, "percent_statements_covered_display": "92", "num_branches": 8, "num_partial_branches": 2, "covered_branches": 6, "missing_branches": 2, "percent_branches_covered": 75.0, "percent_branches_covered_display": "75"}, "missing_lines": [607], "excluded_lines": [], "start_line": 594, "executed_branches": [[597, 598], [599, 600], [599, 603], [604, -594], [604, 605], [606, 608]], "missing_branches": [[597, -594], [606, 607]]}, "Guards.completion_batch_imported": {"executed_lines": [611, 612, 614, 615, 616], "summary": {"covered_lines": 5, "num_statements": 6, "percent_covered": 70.0, "percent_covered_display": "70", "missing_lines": 1, "excluded_lines": 0, "percent_statements_covered": 83.33333333333333, "percent_statements_covered_display": "83", "num_branches": 4, "num_partial_branches": 2, "covered_branches": 2, "missing_branches": 2, "percent_branches_covered": 50.0, "percent_branches_covered_display": "50"}, "missing_lines": [613], "excluded_lines": [], "start_line": 610, "executed_branches": [[612, 614], [615, 616]], "missing_branches": [[612, 613], [615, -610]]}, "Guards.clear_completion_batch": {"executed_lines": [620, 621, 622, 623, 624, 625, 626], "summary": {"covered_lines": 7, "num_statements": 7, "percent_covered": 90.9090909090909, "percent_covered_display": "91", "missing_lines": 0, "excluded_lines": 0, "percent_statements_covered": 100.0, "percent_statements_covered_display": "100", "num_branches": 4, "num_partial_branches": 1, "covered_branches": 3, "missing_branches": 1, "percent_branches_covered": 75.0, "percent_branches_covered_display": "75"}, "missing_lines": [], "excluded_lines": [], "start_line": 618, "executed_branches": [[621, -618], [621, 622], [624, 625]], "missing_branches": [[624, 621]]}, "Guards.verify_candidate": {"executed_lines": [628, 629, 630, 631, 632, 633], "summary": {"covered_lines": 6, "num_statements": 6, "percent_covered": 87.5, "percent_covered_display": "88", "missing_lines": 0, "excluded_lines": 0, "percent_statements_covered": 100.0, "percent_statements_covered_display": "100", "num_branches": 2, "num_partial_branches": 1, "covered_branches": 1, "missing_branches": 1, "percent_branches_covered": 50.0, "percent_branches_covered_display": "50"}, "missing_lines": [], "excluded_lines": [], "start_line": 627, "executed_branches": [[631, 632]], "missing_branches": [[631, -627]]}, "Guards.import_result": {"executed_lines": [635, 636, 637, 638, 639, 640, 642, 643, 644, 645, 646, 647, 651, 652, 653, 654, 655, 657, 658, 659, 661, 662, 663, 664, 665, 666, 667, 669, 670, 671, 672, 673, 674, 675, 676, 677, 679, 681, 682, 684, 685, 686, 687, 688, 689, 690, 691, 692, 693, 694, 695, 696, 697, 698, 699, 700, 701, 702, 703, 704], "summary": {"covered_lines": 60, "num_statements": 67, "percent_covered": 84.46601941747574, "percent_covered_display": "84", "missing_lines": 7, "excluded_lines": 0, "percent_statements_covered": 89.55223880597015, "percent_statements_covered_display": "90", "num_branches": 36, "num_partial_branches": 9, "covered_branches": 27, "missing_branches": 9, "percent_branches_covered": 75.0, "percent_branches_covered_display": "75"}, "missing_lines": [641, 648, 649, 650, 678, 680, 683], "excluded_lines": [], "start_line": 634, "executed_branches": [[638, 639], [638, 642], [640, -634], [643, 644], [643, 645], [645, 646], [645, 657], [658, 659], [661, 662], [661, 675], [663, 664], [672, 673], [672, 674], [6
[...]
1429, "percent_statements_covered_display": "89", "num_branches": 78, "num_partial_branches": 19, "covered_branches": 59, "missing_branches": 19, "percent_branches_covered": 75.64102564102564, "percent_branches_covered_display": "76"}, "missing_lines": [31, 35, 37, 39, 44, 46, 53, 60, 116, 118, 128, 135], "excluded_lines": [], "start_line": 1, "executed_branches": [[26, 27], [26, 28], [28, 29], [28, 30], [30, 32], [32, 33], [32, 34], [34, 36], [36, 38], [38, 40], [41, 42], [41, 43], [43, 45], [45, 47], [47, -24], [47, 48], [50, 51], [50, 52], [52, 47], [59, 61], [65, 66], [65, 67], [68, 69], [69, 70], [69, 71], [71, 72], [71, 73], [81, 82], [91, 92], [93, 94], [93, 95], [99, 100], [101, 102], [101, 107], [102, 103], [103, 104], [103, 105], [109, 110], [115, 117], [117, 119], [119, 120], [120, 121], [120, 122], [122, 123], [122, 124], [125, 126], [125, 134], [126, 127], [126, 131], [127, 129], [131, 125], [131, 132], [132, 125], [132, 133], [134, 136], [140, 141], [140, 142], [142, -138], [142, 143]], "missing_branches": [[30, 31], [34, 35], [36, 37], [38, 39], [43, 44], [45, 46], [52, 53], [59, 60], [68, -63], [81, -80], [91, -84], [99, -97], [102, -97], [109, -97], [115, 116], [117, 118], [119, -113], [127, 128], [134, 135]]}}}, "skill\\multi-agent-task-split\\scripts\\verification.py": {"executed_lines": [2, 3, 4, 5, 6, 7, 8, 11, 12, 13, 16, 17, 20, 21, 24, 26, 27, 28, 30, 31, 32, 33, 34, 35, 36, 37, 38, 47, 48, 49, 50, 51, 52, 55, 56, 57, 58, 59, 60, 62, 63, 64, 65, 69, 71, 72, 73, 74, 75, 76, 77, 78, 80, 81, 84, 86, 87, 88, 89, 90, 91, 92, 95, 96, 97, 98, 101, 102, 103, 106, 114, 116, 117, 118, 119, 122, 124, 126, 127, 128, 131, 132, 133, 135, 136, 137, 138, 139, 141, 142, 143, 144, 145, 148, 150, 151, 152, 153, 154, 155, 156, 157, 159, 160, 162, 163, 164, 165, 167, 170, 172, 173, 174, 175, 176, 177, 178, 179, 180, 181, 182, 186, 187, 188, 189, 190, 192, 194, 195, 196, 197, 200, 201, 202, 203, 204, 205, 208, 210, 211, 212, 213, 214, 215, 216, 217, 220, 222, 224, 225, 226, 227, 229, 230, 231, 232, 233, 234, 235, 236, 237, 241, 242, 243, 244, 245, 246, 248, 252, 253, 254, 255, 256, 257, 258, 259, 262, 263, 264, 265, 266, 267, 268, 270, 271, 273, 275, 277, 278], "summary": {"covered_lines": 189, "num_statements": 216, "percent_covered": 80.11695906432749, "percent_covered_display": "80", "missing_lines": 27, "excluded_lines": 0, "percent_statements_covered": 87.5, "percent_statements_covered_display": "88", "num_branches": 126, "num_partial_branches": 37, "covered_branches": 85, "missing_branches": 41, "percent_branches_covered": 67.46031746031746, "percent_branches_covered_display": "67"}, "missing_lines": [14, 15, 29, 61, 66, 79, 99, 100, 115, 120, 121, 123, 125, 134, 140, 158, 161, 166, 183, 184, 185, 193, 223, 228, 247, 269, 276], "excluded_lines": [], "executed_branches": [[16, 17], [48, 49], [59, 60], [62, 63], [64, 65], [71, 72], [72, 73], [72, 81], [74, 72], [74, 75], [76, 77], [76, 78], [78, 80], [87, 88], [87, 103], [88, 89], [88, 90], [90, 91], [90, 92], [92, 95], [95, 96], [96, 97], [96, 101], [97, 98], [114, 116], [118, 119], [118, 128], [119, 122], [122, 124], [124, 126], [133, 135], [135, 136], [137, 138], [137, 145], [139, 141], [141, 142], [143, 144], [144, 137], [151, 152], [151, 167], [153, 154], [153, 159], [154, 155], [154, 156], [156, 157], [162, 151], [162, 163], [163, 151], [163, 164], [173, 174], [175, 176], [175, 186], [177, 178], [178, 179], [179, 175], [179, 180], [180, 181], [181, 182], [187, 188], [188, 189], [190, 192], [190, 196], [201, -200], [201, 202], [203, 204], [211, 212], [211, 217], [213, 214], [213, 216], [222, 224], [231, 232], [231, 248], [233, 234], [233, 242], [235, 236], [235, 241], [236, 237], [243, 244], [245, 246], [248, 252], [264, 265], [264, 278], [266, 267], [268, 270], [270, 271]], "missing_branches": [[16, -11], [48, -47], [59, 66], [62, 59], [64, -55], [71, -69], [78, 79], [92, 100], [95, 99], [97, 101], [114, 115], [119, 120], [120, 121], [120, 122], [122, 123], [124, 125], [133, 134], [135, -131], [139, 140], [141, -131], [143, -131], [144, -131], [156, 158], [173, -170], [177, -170], [178, 183], [180, 179], [181, -170], [183, 184], [183, 185], [187, -170], [188, -170], [203, -200], [222, 223], [236, -220], [243, 247], [245, -220], [248, -220], [266, -262], [268, 269], [270, -262]], "functions": {"git": {"executed_lines": [12, 13, 16, 17], "summary": {"covered_lines": 4, "num_statements": 6, "percent_covered": 62.5, "percent_covered_display": "62", "missing_lines": 2, "excluded_lines": 0, "percent_statements_covered": 66.66666666666667, "percent_statements_covered_display": "67", "num_branches": 2, "num_partial_branches": 1, "covered_branches": 1, "missing_branches": 1, "percent_branches_covered": 50.0, "percent_branches_covered_display": "50"}, "missing_lines": [14, 15], "excluded_lines": [], "start_line": 11, "executed_branches": [[16, 17]], "missing_branches": [[16, -11]]}, "head": {"executed_lines": [21], "summary": {"covered_lines": 1, "num_statements": 1, "percent_covered": 100.0, "percent_covered_display": "100", "missing_lines": 0, "excluded_lines": 0, "percent_statements_covered": 100.0, "percent_statements_covered_display": "100", "num_branches": 0, "num_partial_branches": 0, "covered_branches": 0, "missing_branches": 0, "percent_branches_covered": 100.0, "percent_branches_covered_display": "100"}, "missing_lines": [], "excluded_lines": [], "start_line": 20, "executed_branches": [], "missing_branches": []}, "repository_inventory": {"executed_lines": [26, 30, 31, 32, 33, 34, 35, 36, 37, 38], "summary": {"covered_lines": 10, "num_statements": 10, "percent_covered": 100.0, "percent_covered_display": "100", "missing_lines": 0, "excluded_lines": 0, "percent_statements_covered": 100.0, "percent_statements_covered_display": "100", "num_branches": 0, "num_partial_branches": 0, "covered_branches": 0, "missing_branches": 0, "percent_branches_covered": 100.0, "percent_branches_covered_display": "100"}, "missing_lines": [], "excluded_lines": [], "start_line": 24, "executed_branches": [], "missing_branches": []}, "repository_inventory.names": {"executed_lines": [27, 28], "summary": {"covered_lines": 2, "num_statements": 3, "percent_covered": 66.66666666666667, "percent_covered_display": "67", "missing_lines": 1, "excluded_lines": 0, "percent_statements_covered": 66.66666666666667, "percent_statements_covered_display": "67", "num_branches": 0, "num_partial_branches": 0, "covered_branches": 0, "missing_branches": 0, "percent_branches_covered": 100.0, "percent_branches_covered_display": "100"}, "missing_lines": [29], "excluded_lines": [], "start_line": 26, "executed_branches": [], "missing_branches": []}, "file_hash": {"executed_lines": [48, 49, 50, 51, 52], "summary": {"covered_lines": 5, "num_statements": 5, "percent_covered": 85.71428571428571, "percent_covered_display": "86", "missing_lines": 0, "excluded_lines": 0, "percent_statements_covered": 100.0, "percent_statements_covered_display": "100", "num_branches": 2, "num_partial_branches": 1, "covered_branches": 1, "missing_branches": 1, "percent_branches_covered": 50.0, "percent_branches_covered_display": "50"}, "missing_lines": [], "excluded_lines": [], "start_line": 47, "executed_branches": [[48, 49]], "missing_branches": [[48, -47]]}, "evidence_path": {"executed_lines": [56, 57, 58, 59, 60, 62, 63, 64, 65], "summary": {"covered_lines": 9, "num_statements": 11, "percent_covered": 70.58823529411765, "percent_covered_display": "71", "missing_lines": 2, "excluded_lines": 0, "percent_statements_covered": 81.81818181818181, "percent_statements_covered_display": "82", "num_branches": 6, "num_partial_branches": 3, "covered_branches": 3, "missing_branches": 3, "percent_branches_covered": 50.0, "percent_branches_covered_display": "50"}, "missing_lines": [61, 66], "excluded_lines": [], "start_line": 55, "executed_branches": [[59, 60], [62, 63], [64, 65]], "missing_branches": [[59, 66], [62, 59], [64, -55]]}, "_transaction_version": {"executed_lines": [71, 72, 73, 74, 75, 76, 77, 78, 80, 81], "summary": {"covered_lines": 10, "num_statements": 11, "percent_covered": 85.71428571428571, "percent_covered_display": "86", "missing_lines": 1, "excluded_lines": 0, "percent_statements_covered": 90.9090909090909, "percent_statements_covered_display": "91", "num_branches": 10, "num_partial_branches": 2, "covered_branches": 8, "missing_branches": 2, "percent_branches_covered": 80.0, "percent_branches_covered_display": "80"}, "missing_lines": [79], "excluded_lines": [], "start_line": 69, "executed_branches": [[71, 72], [72, 73], [72, 81], [74, 72], [74, 75], [76, 77], [76, 78], [78, 80]], "missing_branches": [[71, -69], [78, 79]]}, "materialize_evidence": {"executed_lines": [86, 87, 88, 89, 90, 91, 92, 95, 96, 97, 98, 101, 102, 103], "summary": {"covered_lines": 14, "num_statements": 16, "percent_covered": 83.33333333333333, "percent_covered_display": "83", "missing_lines": 2, "excluded_lines": 0, "percent_statements_covered": 87.5, "percent_statements_covered_display": "88", "num_branches": 14, "num_partial_branches": 3, "covered_branches": 11, "missing_branches": 3, "percent_branches_covered": 78.57142857142857, "percent_branches_covered_display": "79"}, "missing_lines": [99, 100], "excluded_lines": [], "start_line": 84, "executed_branches": [[87, 88], [87, 103], [88, 89], [88, 90], [90, 91], [90, 92], [92, 95], [95, 96], [96, 97], [96, 101], [97, 98]], "missing_branches": [[92, 100], [95, 99], [97, 101]]}, "materialize_scope_refs": {"executed_lines": [114, 116, 117, 118, 119, 122, 124, 126, 127, 128], "summary": {"covered_lines": 10, "num_statements": 15, "percent_covered": 59.25925925925926, "percent_covered_display": "59", "missing_lines": 5, "excluded_lines": 0, "percent_statements_covered": 66.66666666666667, "percent_statements_covered_display": "67", "num_branches": 12, "num_partial_branches": 4, "covered_branches": 6, "missing_branches": 6, "percent_branches_covered": 50.0, "percent_branches_covered_display": "50"}, "missing_lines": [115, 120, 121, 123, 125], "excluded_lines": [], "start_line": 106, "executed_branches": [[114, 116], [118, 119], [118, 128], [119, 122], [122, 124], [124, 126]], "missing_branches": [[114, 115], [119, 120], [120, 121], [120, 122], [122, 123], [124, 125]]}, "_verify_manifest": {"executed_lines": [132, 133, 135, 136, 137, 138, 139, 141, 142, 143, 144, 145], "summary": {"covered_lines": 12, "num_statements": 14, "percent_covered": 71.42857142857143, "percent_covered_display": "71", "missing_lines": 2, "excluded_lines": 0, "percent_statements_covered": 85.71428571428571, "percent_statements_covered_display": "86", "num_branches": 14, "num_partial_branches": 6, "covered_branches": 8, "missing_branches": 6, "percent_branches_covered": 57.142857142857146, "percent_branches_covered_display": "57"}, "missing_lines": [134, 140], "excluded_lines": [], "start_line": 131, "executed_branches": [[133, 135], [135, 136], [137, 138], [137, 145], [139, 141], [141, 142], [143, 144], [144, 137]], "missing_branches": [[133, 134], [135, -131], [139, 140], [141, -131], [143, -131], [144, -131]]}, "evidence_logical_paths": {"executed_lines": [150, 151, 152, 153, 154, 155, 156, 157, 159, 160, 162, 163, 164, 165, 167], "summary": {"covered_lines": 15, "num_statements": 18, "percent_covered": 86.66666666666667, "percent_covered_display": "87", "missing_lines": 3, "excluded_lines": 0, "percent_statements_covered": 83.33333333333333, "percent_statements_covered_display": "83", "num_branches": 12, "num_partial_branches": 1, "covered_branches": 11, "missing_branches": 1, "percent_branches_covered": 91.66666666666667, "percent_branches_covered_display": "92"}, "missing_lines": [158, 161, 166], "excluded_lines": [], "start_line": 148, "executed_branches": [[151, 152], [151, 167], [153, 154], [153, 159], [154, 155], [154, 156], [156, 157], [162, 151], [162, 163], [163, 151], [163, 164]], "missing_branches": [[156, 158]]}, "write_evidence_manifest": {"executed_lines": [172, 173, 174, 175, 176, 177, 178, 179, 180, 181, 182, 186, 187, 188, 189, 190, 192, 194, 195, 196, 197], "summary": {"covered_lines": 21, "num_statements": 25, "percent_covered": 72.34042553191489, "percent_covered_display": "72", "missing_lines": 4, "excluded_lines": 0, "percent_statements_covered": 84.0, "percent_statements_covered_display": "84", "num_branches": 22, "num_partial_branches": 7, "covered_branches": 13, "missing_branches": 9, "percent_branches_covered": 59.09090909090909, "percent_branches_covered_display": "59"}, "missing_lines": [183, 184, 185, 193], "excluded_lines": [], "start_line": 170, "executed_branches": [[173, 174], [175, 176], [175, 186], [177, 178], [178, 179], [179, 175], [179, 180], [180, 181], [181, 182], [187, 188], [188, 189], [190, 192], [190, 196]], "missing_branches": [[173, -170], [177, -170], [178, 183], [180, 179], [181, -170], [183, 184], [183, 185], [187, -170], [188, -170]]}, "verify_evidence": {"executed_lines": [201, 202, 203, 204, 205], "summary": {"covered_lines": 5, "num_statements": 5, "percent_covered": 88.88888888888889, "percent_covered_display": "89", "missing_lines": 0, "excluded_lines": 0, "percent_statements_covered": 100.0, "percent_statements_covered_display": "100", "num_branches": 4, "num_partial_branches": 1, "covered_branches": 3, "missing_branches": 1, "percent_branches_covered": 75.0, "percent_branches_covered_display": "75"}, "missing_lines": [], "excluded_lines": [], "start_line": 200, "executed_branches": [[201, -200], [201, 202], [203, 204]], "missing_branches": [[203, -200]]}, "model_evidence_paths": {"executed_lines": [210, 211, 212, 213, 214, 215, 216, 217], "summary": {"covered_lines": 8, "num_statements": 8, "percent_covered": 100.0, "percent_covered_display": "100", "missing_lines": 0, "excluded_lines": 0, "percent_statements_covered": 100.0, "percent_statements_covered_display": "100", "num_branches": 4, "num_partial_branches": 0, "covered_branches": 4, "missing_branches": 0, "percent_branches_covered": 100.0, "percent_branches_covered_display": "100"}, "missing_lines": [], "excluded_lines": [], "start_line": 208, "executed_branches": [[211, 212], [211, 217], [213, 214], [213, 216]], "missing_branches": []}, "snapshot": {"executed_lines": [222, 224, 225, 226, 227, 229, 230, 231, 232, 233, 234, 235, 236, 237, 241, 242, 243, 244, 245, 246, 248, 252, 253, 254, 255, 256, 257, 258, 259], "summary": {"covered_lines": 29, "num_statements": 32, "percent_covered": 83.33333333333333, "percent_covered_display": "83", "missing_lines": 3, "excluded_lines": 0, "percent_statements_covered": 90.625, "percent_statements_covered_display": "91", "num_branches": 16, "num_partial_branches": 5, "covered_branches": 11, "missing_branches": 5, "percent_branches_covered": 68.75, "percent_branches_covered_display": "69"}, "missing_lines": [223, 228, 247], "excluded_lines": [], "start_line": 220, "executed_branches": [[222, 224], [231, 232], [231, 248], [233, 234], [233, 242], [235, 236], [235, 241], [236, 237], [243, 244], [245, 246], [248, 252]], "missing_branches": [[222, 223], [236, -220], [243, 247], [245, -220], [248, -220]]}, "run_checks": {"executed_lines": [263, 264, 265, 266, 267, 268, 270, 271, 273, 275, 277, 278], "summary": {"covered_lines": 12, "num_statements": 14, "percent_covered": 77.27272727272727, "percent_covered_display": "77", "missing_lines": 2, "excluded_lines": 0, "percent_statements_covered": 85.71428571428571, "percent_statements_covered_display": "86", "num_branches": 8, "num_partial_branches": 3, "covered_branches": 5, "missing_branches": 3, "percent_branches_covered": 62.5, "percent_branches_covered_display": "62"}, "missing_lines": [269, 276], "excluded_lines": [], "start_line": 262, "executed_branches": [[264, 265], [264, 278], [266, 267], [268, 270], [270, 271]], "missing_branches": [[266, -262], [268, 269], [270, -262]]}, "": {"executed_lines": [2, 3, 4, 5, 6, 7, 8, 11, 20, 24, 47, 55, 69, 84, 106, 131, 148, 170, 200, 208, 220, 262], "summary": {"covered_lines": 22, "num_statements": 22, "percent_covered": 100.0, "percent_covered_display": "100", "missing_lines": 0, "excluded_lines": 0, "percent_statements_covered": 100.0, "percent_statements_covered_display": "100", "num_branches": 0, "num_partial_branches": 0, "covered_branches": 0, "missing_branches": 0, "percent_branches_covered": 100.0, "percent_branches_covered_display": "100"}, "missing_lines": [], "excluded_lines": [], "start_line": 1, "executed_branches": [], "missing_branches": []}}, "classes": {"": {"executed_lines": [2, 3, 4, 5, 6, 7, 8, 11, 12, 13, 16, 17, 20, 21, 24, 26, 27, 28, 30, 31, 32, 33, 34, 35, 36, 37, 38, 47, 48, 49, 50, 51, 52, 55, 56, 57, 58, 59, 60, 62, 63, 64, 65, 69, 71, 72, 73, 74, 75, 76, 77, 78, 80, 81, 84, 86, 87, 88, 89, 90, 91, 92, 95, 96, 97, 98, 101, 102, 103, 106, 114, 116, 117, 118, 119, 122, 124, 126, 127, 128, 131, 132, 133, 135, 136, 137, 138, 139, 141, 142, 143, 144, 145, 148, 150, 151, 152, 153, 154, 155, 156, 157, 159, 160, 162, 163, 164, 165, 167, 170, 172, 173, 174, 175, 176, 177, 178, 179, 180, 181, 182, 186, 187, 188, 189, 190, 192, 194, 195, 196, 197, 200, 201, 202, 203, 204, 205, 208, 210, 211, 212, 213, 214, 215, 216, 217, 220, 222, 224, 225, 226, 227, 229, 230, 231, 232, 233, 234, 235, 236, 237, 241, 242, 243, 244, 245, 246, 248, 252, 253, 254, 255, 256, 257, 258, 259, 262, 263, 264, 265, 266, 267, 268, 270, 271, 273, 275, 277, 278], "summary": {"covered_lines": 189, "num_statements": 216, "percent_covered": 80.11695906432749, "percent_covered_display": "80", "missing_lines": 27, "excluded_lines": 0, "percent_statements_covered": 87.5, "percent_statements_covered_display": "88", "num_branches": 126, "num_partial_branches": 37, "covered_branches": 85, "missing_branches": 41, "percent_branches_covered": 67.46031746031746, "percent_branches_covered_display": "67"}, "missing_lines": [14, 15, 29, 61, 66, 79, 99, 100, 115, 120, 121, 123, 125, 134, 140, 158, 161, 166, 183, 184, 185, 193, 223, 228, 247, 269, 276], "excluded_lines": [], "start_line": 1, "executed_branches": [[16, 17], [48, 49], [59, 60], [62, 63], [64, 65], [71, 72], [72, 73], [72, 81], [74, 72], [74, 75], [76, 77], [76, 78], [78, 80], [87, 88], [87, 103], [88, 89], [88, 90], [90, 91], [90, 92], [92, 95], [95, 96], [96, 97], [96, 101], [97, 98], [114, 116], [118, 119], [118, 128], [119, 122], [122, 124], [124, 126], [133, 135], [135, 136], [137, 138], [137, 145], [139, 141], [141, 142], [143, 144], [144, 137], [151, 152], [151, 167], [153, 154], [153, 159], [154, 155], [154, 156], [156, 157], [162, 151], [162, 163], [163, 151], [163, 164], [173, 174], [175, 176], [175, 186], [177, 178], [178, 179], [179, 175], [179, 180], [180, 181], [181, 182], [187, 188], [188, 189], [190, 192], [190, 196], [201, -200], [201, 202], [203, 204], [211, 212], [211, 217], [213, 214], [213, 216], [222, 224], [231, 232], [231, 248], [233, 234], [233, 242], [235, 236], [235, 241], [236, 237], [243, 244], [245, 246], [248, 252], [264, 265], [264, 278], [266, 267], [268, 270], [270, 271]], "missing_branches": [[16, -11], [48, -47], [59, 66], [62, 59], [64, -55], [71, -69], [78, 79], [92, 100], [95, 99], [97, 101], [114, 115], [119, 120], [120, 121], [120, 122], [122, 123], [124, 125], [133, 134], [135, -131], [139, 140], [141, -131], [143, -131], [144, -131], [156, 158], [173, -170], [177, -170], [178, 183], [180, 179], [181, -170], [183, 184], [183, 185], [187, -170], [188, -170], [203, -200], [222, 223], [236, -220], [243, 247], [245, -220], [248, -220], [266, -262], [268, 269], [270, -262]]}}}}, "totals": {"covered_lines": 2154, "num_statements": 2446, "percent_covered": 81.57752566180443, "percent_covered_display": "82", "missing_lines": 292, "excluded_lines": 0, "percent_statements_covered": 88.06214227309894, "percent_statements_covered_display": "88", "num_branches": 1256, "num_partial_branches": 346, "covered_branches": 866, "missing_branches": 390, "percent_branches_covered": 68.94904458598727, "percent_branches_covered_display": "69"}}